[1013/172954.418:ERROR:directory_reader_win.cc(43)] FindFirstFile: The system cannot find the path specified. (0x3)
[1013/174713.332:ERROR:directory_reader_win.cc(43)] FindFirstFile: The system cannot find the path specified. (0x3)
[1013/190623.922:ERROR:directory_reader_win.cc(43)] FindFirstFile: The system cannot find the path specified. (0x3)
[1014/132910.026:ERROR:directory_reader_win.cc(43)] FindFirstFile: The system cannot find the path specified. (0x3)
[1014/150429.763:ERROR:directory_reader_win.cc(43)] FindFirstFile: The system cannot find the path specified. (0x3)
[1014/153838.733:ERROR:directory_reader_win.cc(43)] FindFirstFile: The system cannot find the path specified. (0x3)
[1014/154125.020:ERROR:directory_reader_win.cc(43)] FindFirstFile: The system cannot find the path specified. (0x3)
[1014/154723.262:ERROR:process_info.cc(329)] VirtualQueryEx: Access is denied. (0x5)
[1014/154723.262:ERROR:process_info.cc(556)] ReadMemoryInfo failed
[1014/154723.262:ERROR:process_memory_win.cc(39)] Failed to initialize ProcessInfo.
[1014/154723.262:ERROR:scoped_process_suspend.cc(40)] NtResumeProcess: An attempt was made to access an exiting process. (0xc000010a)
[1014/161321.272:ERROR:directory_reader_win.cc(43)] FindFirstFile: The system cannot find the path specified. (0x3)
[1107/114442.940:ERROR:directory_reader_win.cc(43)] FindFirstFile: The system cannot find the path specified. (0x3)
[1107/130209.865:ERROR:directory_reader_win.cc(43)] FindFirstFile: The system cannot find the path specified. (0x3)
[1107/164714.024:ERROR:directory_reader_win.cc(43)] FindFirstFile: The system cannot find the path specified. (0x3)
[1107/164750.935:ERROR:directory_reader_win.cc(43)] FindFirstFile: The system cannot find the path specified. (0x3)
[1107/183619.948:ERROR:directory_reader_win.cc(43)] FindFirstFile: The system cannot find the path specified. (0x3)
[1107/184105.848:ERROR:directory_reader_win.cc(43)] FindFirstFile: The system cannot find the path specified. (0x3)
[1107/185407.998:ERROR:directory_reader_win.cc(43)] FindFirstFile: The system cannot find the path specified. (0x3)
[1107/222232.807:ERROR:directory_reader_win.cc(43)] FindFirstFile: The system cannot find the path specified. (0x3)
[1107/222324.789:ERROR:directory_reader_win.cc(43)] FindFirstFile: The system cannot find the path specified. (0x3)
[1107/224621.722:ERROR:directory_reader_win.cc(43)] FindFirstFile: The system cannot find the path specified. (0x3)
[1108/012532.310:ERROR:directory_reader_win.cc(43)] FindFirstFile: The system cannot find the path specified. (0x3)
[1108/114021.387:ERROR:directory_reader_win.cc(43)] FindFirstFile: The system cannot find the path specified. (0x3)
[1108/114303.964:ERROR:directory_reader_win.cc(43)] FindFirstFile: The system cannot find the path specified. (0x3)
[1108/114904.545:ERROR:directory_reader_win.cc(43)] FindFirstFile: The system cannot find the path specified. (0x3)
[1108/115302.970:ERROR:directory_reader_win.cc(43)] FindFirstFile: The system cannot find the path specified. (0x3)
[1108/234246.716:ERROR:directory_reader_win.cc(43)] FindFirstFile: The system cannot find the path specified. (0x3)
[1109/001319.728:ERROR:directory_reader_win.cc(43)] FindFirstFile: The system cannot find the path specified. (0x3)
[1109/001507.999:ERROR:directory_reader_win.cc(43)] FindFirstFile: The system cannot find the path specified. (0x3)
[1109/001828.016:ERROR:directory_reader_win.cc(43)] FindFirstFile: The system cannot find the path specified. (0x3)
[1109/001952.874:ERROR:directory_reader_win.cc(43)] FindFirstFile: The system cannot find the path specified. (0x3)
[1109/002831.231:ERROR:directory_reader_win.cc(43)] FindFirstFile: The system cannot find the path specified. (0x3)
[1109/003122.730:ERROR:process_memory_win.cc(73)] ReadMemory at 0x19d8a05e4d0 of 72 bytes failed: Only part of a ReadProcessMemory or WriteProcessMemory request was completed. (0x12B)
[1109/003122.730:WARNING:pe_image_annotations_reader.cc(135)] could not read annotations list object in C:\Program Files\Google\Chrome\Application\86.0.4240.183\chrome_elf.dll
[1109/003122.735:ERROR:process_memory_win.cc(73)] ReadMemory at 0x19d8a0969e0 of 72 bytes failed: Only part of a ReadProcessMemory or WriteProcessMemory request was completed. (0x12B)
[1109/003122.735:WARNING:pe_image_annotations_reader.cc(135)] could not read annotations list object in C:\Program Files\Google\Chrome\Application\86.0.4240.183\chrome.dll
[1109/003122.739:ERROR:process_memory_win.cc(73)] ReadMemory at 0x19d8b930000 of 64 bytes failed: Only part of a ReadProcessMemory or WriteProcessMemory request was completed. (0x12B)
[1109/003122.739:WARNING:pe_image_reader.cc(340)] could not read dos header from C:\Windows\System32\USER32.dll
[1109/003122.739:ERROR:process_memory_win.cc(73)] ReadMemory at 0x19d8b930000 of 64 bytes failed: Only part of a ReadProcessMemory or WriteProcessMemory request was completed. (0x12B)
[1109/003122.739:WARNING:pe_image_reader.cc(340)] could not read dos header from C:\Windows\System32\USER32.dll
[1109/003122.850:ERROR:process_memory_win.cc(73)] ReadMemory at 0x7ff77c010000 of 64 bytes failed: Only part of a ReadProcessMemory or WriteProcessMemory request was completed. (0x12B)
[1109/003122.850:WARNING:pe_image_reader.cc(340)] could not read dos header from C:\Program Files\Google\Chrome\Application\chrome.exe
[1109/003122.850:ERROR:process_memory_win.cc(73)] ReadMemory at 0x7ffab44a0000 of 64 bytes failed: Only part of a ReadProcessMemory or WriteProcessMemory request was completed. (0x12B)
[1109/003122.850:WARNING:pe_image_reader.cc(340)] could not read dos header from C:\Windows\SYSTEM32\ntdll.dll
[1109/003122.850:ERROR:process_memory_win.cc(73)] ReadMemory at 0x7ffab2fa0000 of 64 bytes failed: Only part of a ReadProcessMemory or WriteProcessMemory request was completed. (0x12B)
[1109/003122.850:WARNING:pe_image_reader.cc(340)] could not read dos header from C:\Windows\System32\KERNEL32.DLL
[1109/003122.850:ERROR:process_memory_win.cc(73)] ReadMemory at 0x7ffab16e0000 of 64 bytes failed: Only part of a ReadProcessMemory or WriteProcessMemory request was completed. (0x12B)
[1109/003122.850:WARNING:pe_image_reader.cc(340)] could not read dos header from C:\Windows\System32\KERNELBASE.dll
[1109/003122.850:ERROR:process_memory_win.cc(73)] ReadMemory at 0x7ffa75cd0000 of 64 bytes failed: Only part of a ReadProcessMemory or WriteProcessMemory request was completed. (0x12B)
[1109/003122.850:WARNING:pe_image_reader.cc(340)] could not read dos header from C:\Program Files\Google\Chrome\Application\86.0.4240.183\chrome_elf.dll
[1109/003122.850:ERROR:process_memory_win.cc(73)] ReadMemory at 0x7ffaa2850000 of 64 bytes failed: Only part of a ReadProcessMemory or WriteProcessMemory request was completed. (0x12B)
[1109/003122.850:WARNING:pe_image_reader.cc(340)] could not read dos header from C:\Windows\SYSTEM32\VERSION.dll
[1109/003122.850:ERROR:process_memory_win.cc(73)] ReadMemory at 0x7ffab3400000 of 64 bytes failed: Only part of a ReadProcessMemory or WriteProcessMemory request was completed. (0x12B)
[1109/003122.850:WARNING:pe_image_reader.cc(340)] could not read dos header from C:\Windows\System32\msvcrt.dll
[1109/003122.850:ERROR:process_memory_win.cc(73)] ReadMemory at 0x7ffab1610000 of 64 bytes failed: Only part of a ReadProcessMemory or WriteProcessMemory request was completed. (0x12B)
[1109/003122.850:WARNING:pe_image_reader.cc(340)] could not read dos header from C:\Windows\System32\bcryptPrimitives.dll
[1109/003122.850:ERROR:process_memory_win.cc(73)] ReadMemory at 0x7ffab2d80000 of 64 bytes failed: Only part of a ReadProcessMemory or WriteProcessMemory request was completed. (0x12B)
[1109/003122.850:WARNING:pe_image_reader.cc(340)] could not read dos header from C:\Windows\System32\ADVAPI32.dll
[1109/003122.850:ERROR:process_memory_win.cc(73)] ReadMemory at 0x7ffab3200000 of 64 bytes failed: Only part of a ReadProcessMemory or WriteProcessMemory request was completed. (0x12B)
[1109/003122.850:WARNING:pe_image_reader.cc(340)] could not read dos header from C:\Windows\System32\sechost.dll
[1109/003122.850:ERROR:process_memory_win.cc(73)] ReadMemory at 0x7ffab39e0000 of 64 bytes failed: Only part of a ReadProcessMemory or WriteProcessMemory request was completed. (0x12B)
[1109/003122.850:WARNING:pe_image_reader.cc(340)] could not read dos header from C:\Windows\System32\RPCRT4.dll
[1109/003122.855:ERROR:process_memory_win.cc(73)] ReadMemory at 0x7ffa5daf0000 of 64 bytes failed: Only part of a ReadProcessMemory or WriteProcessMemory request was completed. (0x12B)
[1109/003122.855:WARNING:pe_image_reader.cc(340)] could not read dos header from C:\Program Files\Google\Chrome\Application\86.0.4240.183\chrome.dll
[1109/003122.855:ERROR:process_memory_win.cc(73)] ReadMemory at 0x7ffab32a0000 of 64 bytes failed: Only part of a ReadProcessMemory or WriteProcessMemory request was completed. (0x12B)
[1109/003122.855:WARNING:pe_image_reader.cc(340)] could not read dos header from C:\Windows\System32\WS2_32.dll
[1109/003122.855:ERROR:process_memory_win.cc(73)] ReadMemory at 0x7ffab3d70000 of 64 bytes failed: Only part of a ReadProcessMemory or WriteProcessMemory request was completed. (0x12B)
[1109/003122.855:WARNING:pe_image_reader.cc(340)] could not read dos header from C:\Windows\System32\OLEAUT32.dll
[1109/003122.855:ERROR:process_memory_win.cc(73)] ReadMemory at 0x7ffab2330000 of 64 bytes failed: Only part of a ReadProcessMemory or WriteProcessMemory request was completed. (0x12B)
[1109/003122.855:WARNING:pe_image_reader.cc(340)] could not read dos header from C:\Windows\System32\msvcp_win.dll
[1109/003122.855:ERROR:process_memory_win.cc(73)] ReadMemory at 0x7ffab1430000 of 64 bytes failed: Only part of a ReadProcessMemory or WriteProcessMemory request was completed. (0x12B)
[1109/003122.855:WARNING:pe_image_reader.cc(340)] could not read dos header from C:\Windows\System32\ucrtbase.dll
[1109/003122.855:ERROR:process_memory_win.cc(73)] ReadMemory at 0x7ffab4120000 of 64 bytes failed: Only part of a ReadProcessMemory or WriteProcessMemory request was completed. (0x12B)
[1109/003122.855:WARNING:pe_image_reader.cc(340)] could not read dos header from C:\Windows\System32\combase.dll
[1109/003122.855:ERROR:process_memory_win.cc(73)] ReadMemory at 0x7ffab19b0000 of 64 bytes failed: Only part of a ReadProcessMemory or WriteProcessMemory request was completed. (0x12B)
[1109/003122.855:WARNING:pe_image_reader.cc(340)] could not read dos header from C:\Windows\System32\WINTRUST.dll
[1109/003122.855:ERROR:process_memory_win.cc(73)] ReadMemory at 0x7ffab1370000 of 64 bytes failed: Only part of a ReadProcessMemory or WriteProcessMemory request was completed. (0x12B)
[1109/003122.855:WARNING:pe_image_reader.cc(340)] could not read dos header from C:\Windows\System32\MSASN1.dll
[1109/003122.855:ERROR:process_memory_win.cc(73)] ReadMemory at 0x7ffab23d0000 of 64 bytes failed: Only part of a ReadProcessMemory or WriteProcessMemory request was completed. (0x12B)
[1109/003122.855:WARNING:pe_image_reader.cc(340)] could not read dos header from C:\Windows\System32\CRYPT32.dll
[1109/003122.855:ERROR:process_memory_win.cc(73)] ReadMemory at 0x7ffab0d50000 of 64 bytes failed: Only part of a ReadProcessMemory or WriteProcessMemory request was completed. (0x12B)
[1109/003122.855:WARNING:pe_image_reader.cc(340)] could not read dos header from C:\Windows\SYSTEM32\dbghelp.dll
[1109/003122.855:ERROR:process_memory_win.cc(73)] ReadMemory at 0x7ffab01e0000 of 64 bytes failed: Only part of a ReadProcessMemory or WriteProcessMemory request was completed. (0x12B)
[1109/003122.855:WARNING:pe_image_reader.cc(340)] could not read dos header from C:\Windows\SYSTEM32\IPHLPAPI.DLL
[1109/003122.855:ERROR:process_memory_win.cc(73)] ReadMemory at 0x7ffaae5a0000 of 64 bytes failed: Only part of a ReadProcessMemory or WriteProcessMemory request was completed. (0x12B)
[1109/003122.855:WARNING:pe_image_reader.cc(340)] could not read dos header from C:\Windows\SYSTEM32\WINMM.dll
[1109/003122.855:ERROR:process_memory_win.cc(73)] ReadMemory at 0x7ffa96770000 of 64 bytes failed: Only part of a ReadProcessMemory or WriteProcessMemory request was completed. (0x12B)
[1109/003122.855:WARNING:pe_image_reader.cc(340)] could not read dos header from C:\Windows\SYSTEM32\UIAutomationCore.DLL
[1109/003122.855:ERROR:process_memory_win.cc(73)] ReadMemory at 0x7ffaa2840000 of 64 bytes failed: Only part of a ReadProcessMemory or WriteProcessMemory request was completed. (0x12B)
[1109/003122.855:WARNING:pe_image_reader.cc(340)] could not read dos header from C:\Windows\SYSTEM32\Secur32.dll
[1109/003122.855:ERROR:process_memory_win.cc(73)] ReadMemory at 0x7ffab1280000 of 64 bytes failed: Only part of a ReadProcessMemory or WriteProcessMemory request was completed. (0x12B)
[1109/003122.855:WARNING:pe_image_reader.cc(340)] could not read dos header from C:\Windows\SYSTEM32\USERENV.dll
[1109/003122.855:ERROR:process_memory_win.cc(73)] ReadMemory at 0x7ffab1390000 of 64 bytes failed: Only part of a ReadProcessMemory or WriteProcessMemory request was completed. (0x12B)
[1109/003122.855:WARNING:pe_image_reader.cc(340)] could not read dos header from C:\Windows\System32\profapi.dll
[1109/003122.855:ERROR:process_memory_win.cc(73)] ReadMemory at 0x7ffaa52f0000 of 64 bytes failed: Only part of a ReadProcessMemory or WriteProcessMemory request was completed. (0x12B)
[1109/003122.855:WARNING:pe_image_reader.cc(340)] could not read dos header from C:\Windows\SYSTEM32\DWrite.dll
[1109/003122.855:ERROR:process_memory_win.cc(73)] ReadMemory at 0x7ffaa2760000 of 64 bytes failed: Only part of a ReadProcessMemory or WriteProcessMemory request was completed. (0x12B)
[1109/003122.855:WARNING:pe_image_reader.cc(340)] could not read dos header from C:\Windows\SYSTEM32\WINSPOOL.DRV
[1109/003122.855:ERROR:process_memory_win.cc(73)] ReadMemory at 0x7ffab1410000 of 64 bytes failed: Only part of a ReadProcessMemory or WriteProcessMemory request was completed. (0x12B)
[1109/003122.855:WARNING:pe_image_reader.cc(340)] could not read dos header from C:\Windows\System32\kernel.appcore.dll
[1109/003122.855:ERROR:process_memory_win.cc(73)] ReadMemory at 0x7ffab15e0000 of 64 bytes failed: Only part of a ReadProcessMemory or WriteProcessMemory request was completed. (0x12B)
[1109/003122.855:WARNING:pe_image_reader.cc(340)] could not read dos header from C:\Windows\System32\bcrypt.dll
[1109/003122.855:ERROR:process_memory_win.cc(73)] ReadMemory at 0x7ffaa9220000 of 64 bytes failed: Only part of a ReadProcessMemory or WriteProcessMemory request was completed. (0x12B)
[1109/003122.855:WARNING:pe_image_reader.cc(340)] could not read dos header from C:\Windows\SYSTEM32\WINHTTP.dll
[1109/003122.855:ERROR:process_memory_win.cc(73)] ReadMemory at 0x7ffaa6ca0000 of 64 bytes failed: Only part of a ReadProcessMemory or WriteProcessMemory request was completed. (0x12B)
[1109/003122.855:WARNING:pe_image_reader.cc(340)] could not read dos header from C:\Windows\SYSTEM32\dhcpcsvc.DLL
[1109/003122.855:ERROR:process_memory_win.cc(73)] ReadMemory at 0x7ffab3310000 of 64 bytes failed: Only part of a ReadProcessMemory or WriteProcessMemory request was completed. (0x12B)
[1109/003122.855:WARNING:pe_image_reader.cc(340)] could not read dos header from C:\Windows\System32\NSI.dll
[1109/003122.855:ERROR:process_memory_win.cc(73)] ReadMemory at 0x7ffaae570000 of 64 bytes failed: Only part of a ReadProcessMemory or WriteProcessMemory request was completed. (0x12B)
[1109/003122.855:WARNING:pe_image_reader.cc(340)] could not read dos header from C:\Windows\SYSTEM32\WINMMBASE.dll
[1109/003122.855:ERROR:process_memory_win.cc(73)] ReadMemory at 0x7ffab1690000 of 64 bytes failed: Only part of a ReadProcessMemory or WriteProcessMemory request was completed. (0x12B)
[1109/003122.855:WARNING:pe_image_reader.cc(340)] could not read dos header from C:\Windows\System32\cfgmgr32.dll
[1109/003122.855:ERROR:process_memory_win.cc(73)] ReadMemory at 0x7ffaacff0000 of 64 bytes failed: Only part of a ReadProcessMemory or WriteProcessMemory request was completed. (0x12B)
[1109/003122.855:WARNING:pe_image_reader.cc(340)] could not read dos header from C:\Windows\SYSTEM32\PROPSYS.dll
[1109/003122.855:ERROR:process_memory_win.cc(73)] ReadMemory at 0x7ffab4070000 of 64 bytes failed: Only part of a ReadProcessMemory or WriteProcessMemory request was completed. (0x12B)
[1109/003122.855:WARNING:pe_image_reader.cc(340)] could not read dos header from C:\Windows\System32\shcore.dll
[1109/003122.855:ERROR:process_memory_win.cc(73)] ReadMemory at 0x7ffab1240000 of 64 bytes failed: Only part of a ReadProcessMemory or WriteProcessMemory request was completed. (0x12B)
[1109/003122.855:WARNING:pe_image_reader.cc(340)] could not read dos header from C:\Windows\SYSTEM32\SSPICLI.DLL
[1109/003122.855:ERROR:process_memory_win.cc(73)] ReadMemory at 0x7ffab2550000 of 64 bytes failed: Only part of a ReadProcessMemory or WriteProcessMemory request was completed. (0x12B)
[1109/003122.855:WARNING:pe_image_reader.cc(340)] could not read dos header from C:\Windows\System32\SHELL32.dll
[1109/003122.855:ERROR:process_memory_win.cc(73)] ReadMemory at 0x7ffab1bb0000 of 64 bytes failed: Only part of a ReadProcessMemory or WriteProcessMemory request was completed. (0x12B)
[1109/003122.860:WARNING:pe_image_reader.cc(340)] could not read dos header from C:\Windows\System32\windows.storage.dll
[1109/003122.860:ERROR:process_memory_win.cc(73)] ReadMemory at 0x7ffab13c0000 of 64 bytes failed: Only part of a ReadProcessMemory or WriteProcessMemory request was completed. (0x12B)
[1109/003122.860:WARNING:pe_image_reader.cc(340)] could not read dos header from C:\Windows\System32\powrprof.dll
[1109/003122.860:ERROR:process_memory_win.cc(73)] ReadMemory at 0x7ffab1360000 of 64 bytes failed: Only part of a ReadProcessMemory or WriteProcessMemory request was completed. (0x12B)
[1109/003122.860:WARNING:pe_image_reader.cc(340)] could not read dos header from C:\Windows\System32\UMPDC.dll
[1109/003122.860:ERROR:process_memory_win.cc(73)] ReadMemory at 0x7ffab3e60000 of 64 bytes failed: Only part of a ReadProcessMemory or WriteProcessMemory request was completed. (0x12B)
[1109/003122.860:WARNING:pe_image_reader.cc(340)] could not read dos header from C:\Windows\System32\shlwapi.dll
[1109/003122.860:ERROR:process_memory_win.cc(73)] ReadMemory at 0x7ffab3b00000 of 64 bytes failed: Only part of a ReadProcessMemory or WriteProcessMemory request was completed. (0x12B)
[1109/003122.860:WARNING:pe_image_reader.cc(340)] could not read dos header from C:\Windows\System32\GDI32.dll
[1109/003122.860:ERROR:process_memory_win.cc(73)] ReadMemory at 0x7ffab2520000 of 64 bytes failed: Only part of a ReadProcessMemory or WriteProcessMemory request was completed. (0x12B)
[1109/003122.860:WARNING:pe_image_reader.cc(340)] could not read dos header from C:\Windows\System32\win32u.dll
[1109/003122.860:ERROR:process_memory_win.cc(73)] ReadMemory at 0x7ffab1a10000 of 64 bytes failed: Only part of a ReadProcessMemory or WriteProcessMemory request was completed. (0x12B)
[1109/003122.860:WARNING:pe_image_reader.cc(340)] could not read dos header from C:\Windows\System32\gdi32full.dll
[1109/003122.860:ERROR:process_memory_win.cc(73)] ReadMemory at 0x19d8b930000 of 64 bytes failed: Only part of a ReadProcessMemory or WriteProcessMemory request was completed. (0x12B)
[1109/003122.860:WARNING:pe_image_reader.cc(340)] could not read dos header from C:\Windows\System32\USER32.dll
[1109/003122.860:ERROR:process_memory_win.cc(73)] ReadMemory at 0x7ffab1990000 of 64 bytes failed: Only part of a ReadProcessMemory or WriteProcessMemory request was completed. (0x12B)
[1109/003122.860:WARNING:pe_image_reader.cc(340)] could not read dos header from C:\Windows\System32\cryptsp.dll
[1109/003122.860:ERROR:process_memory_win.cc(73)] ReadMemory at 0x7ffab3ec0000 of 64 bytes failed: Only part of a ReadProcessMemory or WriteProcessMemory request was completed. (0x12B)
[1109/003122.860:WARNING:pe_image_reader.cc(340)] could not read dos header from C:\Windows\System32\IMM32.DLL
[1109/003122.860:ERROR:process_memory_win.cc(73)] ReadMemory at 0x7ffab0770000 of 64 bytes failed: Only part of a ReadProcessMemory or WriteProcessMemory request was completed. (0x12B)
[1109/003122.860:WARNING:pe_image_reader.cc(340)] could not read dos header from C:\Windows\SYSTEM32\CRYPTBASE.DLL
[1109/003122.865:ERROR:process_memory_win.cc(73)] ReadMemory at 0x7ff77c010000 of 64 bytes failed: Only part of a ReadProcessMemory or WriteProcessMemory request was completed. (0x12B)
[1109/003122.865:WARNING:pe_image_reader.cc(340)] could not read dos header from C:\Program Files\Google\Chrome\Application\chrome.exe
[1109/003122.865:ERROR:process_memory_win.cc(73)] ReadMemory at 0x7ffab44a0000 of 64 bytes failed: Only part of a ReadProcessMemory or WriteProcessMemory request was completed. (0x12B)
[1109/003122.865:WARNING:pe_image_reader.cc(340)] could not read dos header from C:\Windows\SYSTEM32\ntdll.dll
[1109/003122.865:ERROR:process_memory_win.cc(73)] ReadMemory at 0x7ffab2fa0000 of 64 bytes failed: Only part of a ReadProcessMemory or WriteProcessMemory request was completed. (0x12B)
[1109/003122.865:WARNING:pe_image_reader.cc(340)] could not read dos header from C:\Windows\System32\KERNEL32.DLL
[1109/003122.865:ERROR:process_memory_win.cc(73)] ReadMemory at 0x7ffab16e0000 of 64 bytes failed: Only part of a ReadProcessMemory or WriteProcessMemory request was completed. (0x12B)
[1109/003122.865:WARNING:pe_image_reader.cc(340)] could not read dos header from C:\Windows\System32\KERNELBASE.dll
[1109/003122.865:ERROR:process_memory_win.cc(73)] ReadMemory at 0x7ffa75cd0000 of 64 bytes failed: Only part of a ReadProcessMemory or WriteProcessMemory request was completed. (0x12B)
[1109/003122.865:WARNING:pe_image_reader.cc(340)] could not read dos header from C:\Program Files\Google\Chrome\Application\86.0.4240.183\chrome_elf.dll
[1109/003122.865:ERROR:process_memory_win.cc(73)] ReadMemory at 0x7ffaa2850000 of 64 bytes failed: Only part of a ReadProcessMemory or WriteProcessMemory request was completed. (0x12B)
[1109/003122.865:WARNING:pe_image_reader.cc(340)] could not read dos header from C:\Windows\SYSTEM32\VERSION.dll
[1109/003122.865:ERROR:process_memory_win.cc(73)] ReadMemory at 0x7ffab3400000 of 64 bytes failed: Only part of a ReadProcessMemory or WriteProcessMemory request was completed. (0x12B)
[1109/003122.865:WARNING:pe_image_reader.cc(340)] could not read dos header from C:\Windows\System32\msvcrt.dll
[1109/003122.865:ERROR:process_memory_win.cc(73)] ReadMemory at 0x7ffab1610000 of 64 bytes failed: Only part of a ReadProcessMemory or WriteProcessMemory request was completed. (0x12B)
[1109/003122.865:WARNING:pe_image_reader.cc(340)] could not read dos header from C:\Windows\System32\bcryptPrimitives.dll
[1109/003122.865:ERROR:process_memory_win.cc(73)] ReadMemory at 0x7ffab2d80000 of 64 bytes failed: Only part of a ReadProcessMemory or WriteProcessMemory request was completed. (0x12B)
[1109/003122.865:WARNING:pe_image_reader.cc(340)] could not read dos header from C:\Windows\System32\ADVAPI32.dll
[1109/003122.865:ERROR:process_memory_win.cc(73)] ReadMemory at 0x7ffab3200000 of 64 bytes failed: Only part of a ReadProcessMemory or WriteProcessMemory request was completed. (0x12B)
[1109/003122.873:WARNING:pe_image_reader.cc(340)] could not read dos header from C:\Windows\System32\sechost.dll
[1109/003122.873:ERROR:process_memory_win.cc(73)] ReadMemory at 0x7ffab39e0000 of 64 bytes failed: Only part of a ReadProcessMemory or WriteProcessMemory request was completed. (0x12B)
[1109/003122.873:WARNING:pe_image_reader.cc(340)] could not read dos header from C:\Windows\System32\RPCRT4.dll
[1109/003122.873:ERROR:process_memory_win.cc(73)] ReadMemory at 0x7ffa5daf0000 of 64 bytes failed: Only part of a ReadProcessMemory or WriteProcessMemory request was completed. (0x12B)
[1109/003122.873:WARNING:pe_image_reader.cc(340)] could not read dos header from C:\Program Files\Google\Chrome\Application\86.0.4240.183\chrome.dll
[1109/003122.873:ERROR:process_memory_win.cc(73)] ReadMemory at 0x7ffab32a0000 of 64 bytes failed: Only part of a ReadProcessMemory or WriteProcessMemory request was completed. (0x12B)
[1109/003122.873:WARNING:pe_image_reader.cc(340)] could not read dos header from C:\Windows\System32\WS2_32.dll
[1109/003122.873:ERROR:process_memory_win.cc(73)] ReadMemory at 0x7ffab3d70000 of 64 bytes failed: Only part of a ReadProcessMemory or WriteProcessMemory request was completed. (0x12B)
[1109/003122.873:WARNING:pe_image_reader.cc(340)] could not read dos header from C:\Windows\System32\OLEAUT32.dll
[1109/003122.873:ERROR:process_memory_win.cc(73)] ReadMemory at 0x7ffab2330000 of 64 bytes failed: Only part of a ReadProcessMemory or WriteProcessMemory request was completed. (0x12B)
[1109/003122.873:WARNING:pe_image_reader.cc(340)] could not read dos header from C:\Windows\System32\msvcp_win.dll
[1109/003122.873:ERROR:process_memory_win.cc(73)] ReadMemory at 0x7ffab1430000 of 64 bytes failed: Only part of a ReadProcessMemory or WriteProcessMemory request was completed. (0x12B)
[1109/003122.873:WARNING:pe_image_reader.cc(340)] could not read dos header from C:\Windows\System32\ucrtbase.dll
[1109/003122.873:ERROR:process_memory_win.cc(73)] ReadMemory at 0x7ffab4120000 of 64 bytes failed: Only part of a ReadProcessMemory or WriteProcessMemory request was completed. (0x12B)
[1109/003122.873:WARNING:pe_image_reader.cc(340)] could not read dos header from C:\Windows\System32\combase.dll
[1109/003122.873:ERROR:process_memory_win.cc(73)] ReadMemory at 0x7ffab19b0000 of 64 bytes failed: Only part of a ReadProcessMemory or WriteProcessMemory request was completed. (0x12B)
[1109/003122.873:WARNING:pe_image_reader.cc(340)] could not read dos header from C:\Windows\System32\WINTRUST.dll
[1109/003122.873:ERROR:process_memory_win.cc(73)] ReadMemory at 0x7ffab1370000 of 64 bytes failed: Only part of a ReadProcessMemory or WriteProcessMemory request was completed. (0x12B)
[1109/003122.873:WARNING:pe_image_reader.cc(340)] could not read dos header from C:\Windows\System32\MSASN1.dll
[1109/003122.873:ERROR:process_memory_win.cc(73)] ReadMemory at 0x7ffab23d0000 of 64 bytes failed: Only part of a ReadProcessMemory or WriteProcessMemory request was completed. (0x12B)
[1109/003122.873:WARNING:pe_image_reader.cc(340)] could not read dos header from C:\Windows\System32\CRYPT32.dll
[1109/003122.873:ERROR:process_memory_win.cc(73)] ReadMemory at 0x7ffab0d50000 of 64 bytes failed: Only part of a ReadProcessMemory or WriteProcessMemory request was completed. (0x12B)
[1109/003122.873:WARNING:pe_image_reader.cc(340)] could not read dos header from C:\Windows\SYSTEM32\dbghelp.dll
[1109/003122.873:ERROR:process_memory_win.cc(73)] ReadMemory at 0x7ffab01e0000 of 64 bytes failed: Only part of a ReadProcessMemory or WriteProcessMemory request was completed. (0x12B)
[1109/003122.873:WARNING:pe_image_reader.cc(340)] could not read dos header from C:\Windows\SYSTEM32\IPHLPAPI.DLL
[1109/003122.873:ERROR:process_memory_win.cc(73)] ReadMemory at 0x7ffaae5a0000 of 64 bytes failed: Only part of a ReadProcessMemory or WriteProcessMemory request was completed. (0x12B)
[1109/003122.873:WARNING:pe_image_reader.cc(340)] could not read dos header from C:\Windows\SYSTEM32\WINMM.dll
[1109/003122.873:ERROR:process_memory_win.cc(73)] ReadMemory at 0x7ffa96770000 of 64 bytes failed: Only part of a ReadProcessMemory or WriteProcessMemory request was completed. (0x12B)
[1109/003122.873:WARNING:pe_image_reader.cc(340)] could not read dos header from C:\Windows\SYSTEM32\UIAutomationCore.DLL
[1109/003122.873:ERROR:process_memory_win.cc(73)] ReadMemory at 0x7ffaa2840000 of 64 bytes failed: Only part of a ReadProcessMemory or WriteProcessMemory request was completed. (0x12B)
[1109/003122.873:WARNING:pe_image_reader.cc(340)] could not read dos header from C:\Windows\SYSTEM32\Secur32.dll
[1109/003122.873:ERROR:process_memory_win.cc(73)] ReadMemory at 0x7ffab1280000 of 64 bytes failed: Only part of a ReadProcessMemory or WriteProcessMemory request was completed. (0x12B)
[1109/003122.873:WARNING:pe_image_reader.cc(340)] could not read dos header from C:\Windows\SYSTEM32\USERENV.dll
[1109/003122.873:ERROR:process_memory_win.cc(73)] ReadMemory at 0x7ffab1390000 of 64 bytes failed: Only part of a ReadProcessMemory or WriteProcessMemory request was completed. (0x12B)
[1109/003122.873:WARNING:pe_image_reader.cc(340)] could not read dos header from C:\Windows\System32\profapi.dll
[1109/003122.873:ERROR:process_memory_win.cc(73)] ReadMemory at 0x7ffaa52f0000 of 64 bytes failed: Only part of a ReadProcessMemory or WriteProcessMemory request was completed. (0x12B)
[1109/003122.873:WARNING:pe_image_reader.cc(340)] could not read dos header from C:\Windows\SYSTEM32\DWrite.dll
[1109/003122.880:ERROR:process_memory_win.cc(73)] ReadMemory at 0x7ffaa2760000 of 64 bytes failed: Only part of a ReadProcessMemory or WriteProcessMemory request was completed. (0x12B)
[1109/003122.880:WARNING:pe_image_reader.cc(340)] could not read dos header from C:\Windows\SYSTEM32\WINSPOOL.DRV
[1109/003122.880:ERROR:process_memory_win.cc(73)] ReadMemory at 0x7ffab1410000 of 64 bytes failed: Only part of a ReadProcessMemory or WriteProcessMemory request was completed. (0x12B)
[1109/003122.880:WARNING:pe_image_reader.cc(340)] could not read dos header from C:\Windows\System32\kernel.appcore.dll
[1109/003122.880:ERROR:process_memory_win.cc(73)] ReadMemory at 0x7ffab15e0000 of 64 bytes failed: Only part of a ReadProcessMemory or WriteProcessMemory request was completed. (0x12B)
[1109/003122.880:WARNING:pe_image_reader.cc(340)] could not read dos header from C:\Windows\System32\bcrypt.dll
[1109/003122.880:ERROR:process_memory_win.cc(73)] ReadMemory at 0x7ffaa9220000 of 64 bytes failed: Only part of a ReadProcessMemory or WriteProcessMemory request was completed. (0x12B)
[1109/003122.880:WARNING:pe_image_reader.cc(340)] could not read dos header from C:\Windows\SYSTEM32\WINHTTP.dll
[1109/003122.880:ERROR:process_memory_win.cc(73)] ReadMemory at 0x7ffaa6ca0000 of 64 bytes failed: Only part of a ReadProcessMemory or WriteProcessMemory request was completed. (0x12B)
[1109/003122.880:WARNING:pe_image_reader.cc(340)] could not read dos header from C:\Windows\SYSTEM32\dhcpcsvc.DLL
[1109/003122.880:ERROR:process_memory_win.cc(73)] ReadMemory at 0x7ffab3310000 of 64 bytes failed: Only part of a ReadProcessMemory or WriteProcessMemory request was completed. (0x12B)
[1109/003122.880:WARNING:pe_image_reader.cc(340)] could not read dos header from C:\Windows\System32\NSI.dll
[1109/003122.880:ERROR:process_memory_win.cc(73)] ReadMemory at 0x7ffaae570000 of 64 bytes failed: Only part of a ReadProcessMemory or WriteProcessMemory request was completed. (0x12B)
[1109/003122.880:WARNING:pe_image_reader.cc(340)] could not read dos header from C:\Windows\SYSTEM32\WINMMBASE.dll
[1109/003122.880:ERROR:process_memory_win.cc(73)] ReadMemory at 0x7ffab1690000 of 64 bytes failed: Only part of a ReadProcessMemory or WriteProcessMemory request was completed. (0x12B)
[1109/003122.880:WARNING:pe_image_reader.cc(340)] could not read dos header from C:\Windows\System32\cfgmgr32.dll
[1109/003122.880:ERROR:process_memory_win.cc(73)] ReadMemory at 0x7ffaacff0000 of 64 bytes failed: Only part of a ReadProcessMemory or WriteProcessMemory request was completed. (0x12B)
[1109/003122.880:WARNING:pe_image_reader.cc(340)] could not read dos header from C:\Windows\SYSTEM32\PROPSYS.dll
[1109/003122.880:ERROR:process_memory_win.cc(73)] ReadMemory at 0x7ffab4070000 of 64 bytes failed: Only part of a ReadProcessMemory or WriteProcessMemory request was completed. (0x12B)
[1109/003122.885:WARNING:pe_image_reader.cc(340)] could not read dos header from C:\Windows\System32\shcore.dll
[1109/003122.885:ERROR:process_memory_win.cc(73)] ReadMemory at 0x7ffab1240000 of 64 bytes failed: Only part of a ReadProcessMemory or WriteProcessMemory request was completed. (0x12B)
[1109/003122.890:WARNING:pe_image_reader.cc(340)] could not read dos header from C:\Windows\SYSTEM32\SSPICLI.DLL
[1109/003122.890:ERROR:process_memory_win.cc(73)] ReadMemory at 0x7ffab2550000 of 64 bytes failed: Only part of a ReadProcessMemory or WriteProcessMemory request was completed. (0x12B)
[1109/003122.890:WARNING:pe_image_reader.cc(340)] could not read dos header from C:\Windows\System32\SHELL32.dll
[1109/003122.890:ERROR:process_memory_win.cc(73)] ReadMemory at 0x7ffab1bb0000 of 64 bytes failed: Only part of a ReadProcessMemory or WriteProcessMemory request was completed. (0x12B)
[1109/003122.890:WARNING:pe_image_reader.cc(340)] could not read dos header from C:\Windows\System32\windows.storage.dll
[1109/003122.890:ERROR:process_memory_win.cc(73)] ReadMemory at 0x7ffab13c0000 of 64 bytes failed: Only part of a ReadProcessMemory or WriteProcessMemory request was completed. (0x12B)
[1109/003122.890:WARNING:pe_image_reader.cc(340)] could not read dos header from C:\Windows\System32\powrprof.dll
[1109/003122.890:ERROR:process_memory_win.cc(73)] ReadMemory at 0x7ffab1360000 of 64 bytes failed: Only part of a ReadProcessMemory or WriteProcessMemory request was completed. (0x12B)
[1109/003122.890:WARNING:pe_image_reader.cc(340)] could not read dos header from C:\Windows\System32\UMPDC.dll
[1109/003122.890:ERROR:process_memory_win.cc(73)] ReadMemory at 0x7ffab3e60000 of 64 bytes failed: Only part of a ReadProcessMemory or WriteProcessMemory request was completed. (0x12B)
[1109/003122.890:WARNING:pe_image_reader.cc(340)] could not read dos header from C:\Windows\System32\shlwapi.dll
[1109/003122.890:ERROR:process_memory_win.cc(73)] ReadMemory at 0x7ffab3b00000 of 64 bytes failed: Only part of a ReadProcessMemory or WriteProcessMemory request was completed. (0x12B)
[1109/003122.890:WARNING:pe_image_reader.cc(340)] could not read dos header from C:\Windows\System32\GDI32.dll
[1109/003122.890:ERROR:process_memory_win.cc(73)] ReadMemory at 0x7ffab2520000 of 64 bytes failed: Only part of a ReadProcessMemory or WriteProcessMemory request was completed. (0x12B)
[1109/003122.890:WARNING:pe_image_reader.cc(340)] could not read dos header from C:\Windows\System32\win32u.dll
[1109/003122.890:ERROR:process_memory_win.cc(73)] ReadMemory at 0x7ffab1a10000 of 64 bytes failed: Only part of a ReadProcessMemory or WriteProcessMemory request was completed. (0x12B)
[1109/003122.890:WARNING:pe_image_reader.cc(340)] could not read dos header from C:\Windows\System32\gdi32full.dll
[1109/003122.890:ERROR:process_memory_win.cc(73)] ReadMemory at 0x19d8b930000 of 64 bytes failed: Only part of a ReadProcessMemory or WriteProcessMemory request was completed. (0x12B)
[1109/003122.890:WARNING:pe_image_reader.cc(340)] could not read dos header from C:\Windows\System32\USER32.dll
[1109/003122.890:ERROR:process_memory_win.cc(73)] ReadMemory at 0x7ffab1990000 of 64 bytes failed: Only part of a ReadProcessMemory or WriteProcessMemory request was completed. (0x12B)
[1109/003122.890:WARNING:pe_image_reader.cc(340)] could not read dos header from C:\Windows\System32\cryptsp.dll
[1109/003122.890:ERROR:process_memory_win.cc(73)] ReadMemory at 0x7ffab3ec0000 of 64 bytes failed: Only part of a ReadProcessMemory or WriteProcessMemory request was completed. (0x12B)
[1109/003122.890:WARNING:pe_image_reader.cc(340)] could not read dos header from C:\Windows\System32\IMM32.DLL
[1109/003122.896:ERROR:process_memory_win.cc(73)] ReadMemory at 0x7ffab0770000 of 64 bytes failed: Only part of a ReadProcessMemory or WriteProcessMemory request was completed. (0x12B)
[1109/003122.896:WARNING:pe_image_reader.cc(340)] could not read dos header from C:\Windows\SYSTEM32\CRYPTBASE.DLL
[1109/003122.896:ERROR:process_memory_win.cc(73)] ReadMemory at 0x7ff77c010000 of 64 bytes failed: Only part of a ReadProcessMemory or WriteProcessMemory request was completed. (0x12B)
[1109/003122.896:WARNING:pe_image_reader.cc(340)] could not read dos header from C:\Program Files\Google\Chrome\Application\chrome.exe
[1109/003122.896:ERROR:process_memory_win.cc(73)] ReadMemory at 0x7ffab44a0000 of 64 bytes failed: Only part of a ReadProcessMemory or WriteProcessMemory request was completed. (0x12B)
[1109/003122.896:WARNING:pe_image_reader.cc(340)] could not read dos header from C:\Windows\SYSTEM32\ntdll.dll
[1109/003122.896:ERROR:process_memory_win.cc(73)] ReadMemory at 0x7ffab2fa0000 of 64 bytes failed: Only part of a ReadProcessMemory or WriteProcessMemory request was completed. (0x12B)
[1109/003122.896:WARNING:pe_image_reader.cc(340)] could not read dos header from C:\Windows\System32\KERNEL32.DLL
[1109/003122.896:ERROR:process_memory_win.cc(73)] ReadMemory at 0x7ffab16e0000 of 64 bytes failed: Only part of a ReadProcessMemory or WriteProcessMemory request was completed. (0x12B)
[1109/003122.896:WARNING:pe_image_reader.cc(340)] could not read dos header from C:\Windows\System32\KERNELBASE.dll
[1109/003122.896:ERROR:process_memory_win.cc(73)] ReadMemory at 0x7ffa75cd0000 of 64 bytes failed: Only part of a ReadProcessMemory or WriteProcessMemory request was completed. (0x12B)
[1109/003122.896:WARNING:pe_image_reader.cc(340)] could not read dos header from C:\Program Files\Google\Chrome\Application\86.0.4240.183\chrome_elf.dll
[1109/003122.905:ERROR:process_memory_win.cc(73)] ReadMemory at 0x7ffaa2850000 of 64 bytes failed: Only part of a ReadProcessMemory or WriteProcessMemory request was completed. (0x12B)
[1109/003122.905:WARNING:pe_image_reader.cc(340)] could not read dos header from C:\Windows\SYSTEM32\VERSION.dll
[1109/003122.905:ERROR:process_memory_win.cc(73)] ReadMemory at 0x7ffab3400000 of 64 bytes failed: Only part of a ReadProcessMemory or WriteProcessMemory request was completed. (0x12B)
[1109/003122.905:WARNING:pe_image_reader.cc(340)] could not read dos header from C:\Windows\System32\msvcrt.dll
[1109/003122.905:ERROR:process_memory_win.cc(73)] ReadMemory at 0x7ffab1610000 of 64 bytes failed: Only part of a ReadProcessMemory or WriteProcessMemory request was completed. (0x12B)
[1109/003122.905:WARNING:pe_image_reader.cc(340)] could not read dos header from C:\Windows\System32\bcryptPrimitives.dll
[1109/003122.905:ERROR:process_memory_win.cc(73)] ReadMemory at 0x7ffab2d80000 of 64 bytes failed: Only part of a ReadProcessMemory or WriteProcessMemory request was completed. (0x12B)
[1109/003122.905:WARNING:pe_image_reader.cc(340)] could not read dos header from C:\Windows\System32\ADVAPI32.dll
[1109/003122.905:ERROR:process_memory_win.cc(73)] ReadMemory at 0x7ffab3200000 of 64 bytes failed: Only part of a ReadProcessMemory or WriteProcessMemory request was completed. (0x12B)
[1109/003122.908:WARNING:pe_image_reader.cc(340)] could not read dos header from C:\Windows\System32\sechost.dll
[1109/003122.908:ERROR:process_memory_win.cc(73)] ReadMemory at 0x7ffab39e0000 of 64 bytes failed: Only part of a ReadProcessMemory or WriteProcessMemory request was completed. (0x12B)
[1109/003122.908:WARNING:pe_image_reader.cc(340)] could not read dos header from C:\Windows\System32\RPCRT4.dll
[1109/003122.908:ERROR:process_memory_win.cc(73)] ReadMemory at 0x7ffa5daf0000 of 64 bytes failed: Only part of a ReadProcessMemory or WriteProcessMemory request was completed. (0x12B)
[1109/003122.908:WARNING:pe_image_reader.cc(340)] could not read dos header from C:\Program Files\Google\Chrome\Application\86.0.4240.183\chrome.dll
[1109/003122.908:ERROR:process_memory_win.cc(73)] ReadMemory at 0x7ffab32a0000 of 64 bytes failed: Only part of a ReadProcessMemory or WriteProcessMemory request was completed. (0x12B)
[1109/003122.908:WARNING:pe_image_reader.cc(340)] could not read dos header from C:\Windows\System32\WS2_32.dll
[1109/003122.908:ERROR:process_memory_win.cc(73)] ReadMemory at 0x7ffab3d70000 of 64 bytes failed: Only part of a ReadProcessMemory or WriteProcessMemory request was completed. (0x12B)
[1109/003122.908:WARNING:pe_image_reader.cc(340)] could not read dos header from C:\Windows\System32\OLEAUT32.dll
[1109/003122.908:ERROR:process_memory_win.cc(73)] ReadMemory at 0x7ffab2330000 of 64 bytes failed: Only part of a ReadProcessMemory or WriteProcessMemory request was completed. (0x12B)
[1109/003122.908:WARNING:pe_image_reader.cc(340)] could not read dos header from C:\Windows\System32\msvcp_win.dll
[1109/003122.908:ERROR:process_memory_win.cc(73)] ReadMemory at 0x7ffab1430000 of 64 bytes failed: Only part of a ReadProcessMemory or WriteProcessMemory request was completed. (0x12B)
[1109/003122.908:WARNING:pe_image_reader.cc(340)] could not read dos header from C:\Windows\System32\ucrtbase.dll
[1109/003122.908:ERROR:process_memory_win.cc(73)] ReadMemory at 0x7ffab4120000 of 64 bytes failed: Only part of a ReadProcessMemory or WriteProcessMemory request was completed. (0x12B)
[1109/003122.908:WARNING:pe_image_reader.cc(340)] could not read dos header from C:\Windows\System32\combase.dll
[1109/003122.908:ERROR:process_memory_win.cc(73)] ReadMemory at 0x7ffab19b0000 of 64 bytes failed: Only part of a ReadProcessMemory or WriteProcessMemory request was completed. (0x12B)
[1109/003122.908:WARNING:pe_image_reader.cc(340)] could not read dos header from C:\Windows\System32\WINTRUST.dll
[1109/003122.908:ERROR:process_memory_win.cc(73)] ReadMemory at 0x7ffab1370000 of 64 bytes failed: Only part of a ReadProcessMemory or WriteProcessMemory request was completed. (0x12B)
[1109/003122.910:WARNING:pe_image_reader.cc(340)] could not read dos header from C:\Windows\System32\MSASN1.dll
[1109/003122.910:ERROR:process_memory_win.cc(73)] ReadMemory at 0x7ffab23d0000 of 64 bytes failed: Only part of a ReadProcessMemory or WriteProcessMemory request was completed. (0x12B)
[1109/003122.910:WARNING:pe_image_reader.cc(340)] could not read dos header from C:\Windows\System32\CRYPT32.dll
[1109/003122.910:ERROR:process_memory_win.cc(73)] ReadMemory at 0x7ffab0d50000 of 64 bytes failed: Only part of a ReadProcessMemory or WriteProcessMemory request was completed. (0x12B)
[1109/003122.910:WARNING:pe_image_reader.cc(340)] could not read dos header from C:\Windows\SYSTEM32\dbghelp.dll
[1109/003122.910:ERROR:process_memory_win.cc(73)] ReadMemory at 0x7ffab01e0000 of 64 bytes failed: Only part of a ReadProcessMemory or WriteProcessMemory request was completed. (0x12B)
[1109/003122.910:WARNING:pe_image_reader.cc(340)] could not read dos header from C:\Windows\SYSTEM32\IPHLPAPI.DLL
[1109/003122.910:ERROR:process_memory_win.cc(73)] ReadMemory at 0x7ffaae5a0000 of 64 bytes failed: Only part of a ReadProcessMemory or WriteProcessMemory request was completed. (0x12B)
[1109/003122.910:WARNING:pe_image_reader.cc(340)] could not read dos header from C:\Windows\SYSTEM32\WINMM.dll
[1109/003122.910:ERROR:process_memory_win.cc(73)] ReadMemory at 0x7ffa96770000 of 64 bytes failed: Only part of a ReadProcessMemory or WriteProcessMemory request was completed. (0x12B)
[1109/003122.910:WARNING:pe_image_reader.cc(340)] could not read dos header from C:\Windows\SYSTEM32\UIAutomationCore.DLL
[1109/003122.910:ERROR:process_memory_win.cc(73)] ReadMemory at 0x7ffaa2840000 of 64 bytes failed: Only part of a ReadProcessMemory or WriteProcessMemory request was completed. (0x12B)
[1109/003122.910:WARNING:pe_image_reader.cc(340)] could not read dos header from C:\Windows\SYSTEM32\Secur32.dll
[1109/003122.910:ERROR:process_memory_win.cc(73)] ReadMemory at 0x7ffab1280000 of 64 bytes failed: Only part of a ReadProcessMemory or WriteProcessMemory request was completed. (0x12B)
[1109/003122.910:WARNING:pe_image_reader.cc(340)] could not read dos header from C:\Windows\SYSTEM32\USERENV.dll
[1109/003122.910:ERROR:process_memory_win.cc(73)] ReadMemory at 0x7ffab1390000 of 64 bytes failed: Only part of a ReadProcessMemory or WriteProcessMemory request was completed. (0x12B)
[1109/003122.910:WARNING:pe_image_reader.cc(340)] could not read dos header from C:\Windows\System32\profapi.dll
[1109/003122.910:ERROR:process_memory_win.cc(73)] ReadMemory at 0x7ffaa52f0000 of 64 bytes failed: Only part of a ReadProcessMemory or WriteProcessMemory request was completed. (0x12B)
[1109/003122.910:WARNING:pe_image_reader.cc(340)] could not read dos header from C:\Windows\SYSTEM32\DWrite.dll
[1109/003122.910:ERROR:process_memory_win.cc(73)] ReadMemory at 0x7ffaa2760000 of 64 bytes failed: Only part of a ReadProcessMemory or WriteProcessMemory request was completed. (0x12B)
[1109/003122.910:WARNING:pe_image_reader.cc(340)] could not read dos header from C:\Windows\SYSTEM32\WINSPOOL.DRV
[1109/003122.910:ERROR:process_memory_win.cc(73)] ReadMemory at 0x7ffab1410000 of 64 bytes failed: Only part of a ReadProcessMemory or WriteProcessMemory request was completed. (0x12B)
[1109/003122.910:WARNING:pe_image_reader.cc(340)] could not read dos header from C:\Windows\System32\kernel.appcore.dll
[1109/003122.910:ERROR:process_memory_win.cc(73)] ReadMemory at 0x7ffab15e0000 of 64 bytes failed: Only part of a ReadProcessMemory or WriteProcessMemory request was completed. (0x12B)
[1109/003122.910:WARNING:pe_image_reader.cc(340)] could not read dos header from C:\Windows\System32\bcrypt.dll
[1109/003122.910:ERROR:process_memory_win.cc(73)] ReadMemory at 0x7ffaa9220000 of 64 bytes failed: Only part of a ReadProcessMemory or WriteProcessMemory request was completed. (0x12B)
[1109/003122.910:WARNING:pe_image_reader.cc(340)] could not read dos header from C:\Windows\SYSTEM32\WINHTTP.dll
[1109/003122.910:ERROR:process_memory_win.cc(73)] ReadMemory at 0x7ffaa6ca0000 of 64 bytes failed: Only part of a ReadProcessMemory or WriteProcessMemory request was completed. (0x12B)
[1109/003122.910:WARNING:pe_image_reader.cc(340)] could not read dos header from C:\Windows\SYSTEM32\dhcpcsvc.DLL
[1109/003122.910:ERROR:process_memory_win.cc(73)] ReadMemory at 0x7ffab3310000 of 64 bytes failed: Only part of a ReadProcessMemory or WriteProcessMemory request was completed. (0x12B)
[1109/003122.910:WARNING:pe_image_reader.cc(340)] could not read dos header from C:\Windows\System32\NSI.dll
[1109/003122.910:ERROR:process_memory_win.cc(73)] ReadMemory at 0x7ffaae570000 of 64 bytes failed: Only part of a ReadProcessMemory or WriteProcessMemory request was completed. (0x12B)
[1109/003122.910:WARNING:pe_image_reader.cc(340)] could not read dos header from C:\Windows\SYSTEM32\WINMMBASE.dll
[1109/003122.910:ERROR:process_memory_win.cc(73)] ReadMemory at 0x7ffab1690000 of 64 bytes failed: Only part of a ReadProcessMemory or WriteProcessMemory request was completed. (0x12B)
[1109/003122.910:WARNING:pe_image_reader.cc(340)] could not read dos header from C:\Windows\System32\cfgmgr32.dll
[1109/003122.915:ERROR:process_memory_win.cc(73)] ReadMemory at 0x7ffaacff0000 of 64 bytes failed: Only part of a ReadProcessMemory or WriteProcessMemory request was completed. (0x12B)
[1109/003122.915:WARNING:pe_image_reader.cc(340)] could not read dos header from C:\Windows\SYSTEM32\PROPSYS.dll
[1109/003122.915:ERROR:process_memory_win.cc(73)] ReadMemory at 0x7ffab4070000 of 64 bytes failed: Only part of a ReadProcessMemory or WriteProcessMemory request was completed. (0x12B)
[1109/003122.915:WARNING:pe_image_reader.cc(340)] could not read dos header from C:\Windows\System32\shcore.dll
[1109/003122.915:ERROR:process_memory_win.cc(73)] ReadMemory at 0x7ffab1240000 of 64 bytes failed: Only part of a ReadProcessMemory or WriteProcessMemory request was completed. (0x12B)
[1109/003122.915:WARNING:pe_image_reader.cc(340)] could not read dos header from C:\Windows\SYSTEM32\SSPICLI.DLL
[1109/003122.915:ERROR:process_memory_win.cc(73)] ReadMemory at 0x7ffab2550000 of 64 bytes failed: Only part of a ReadProcessMemory or WriteProcessMemory request was completed. (0x12B)
[1109/003122.915:WARNING:pe_image_reader.cc(340)] could not read dos header from C:\Windows\System32\SHELL32.dll
[1109/003122.915:ERROR:process_memory_win.cc(73)] ReadMemory at 0x7ffab1bb0000 of 64 bytes failed: Only part of a ReadProcessMemory or WriteProcessMemory request was completed. (0x12B)
[1109/003122.915:WARNING:pe_image_reader.cc(340)] could not read dos header from C:\Windows\System32\windows.storage.dll
[1109/003122.915:ERROR:process_memory_win.cc(73)] ReadMemory at 0x7ffab13c0000 of 64 bytes failed: Only part of a ReadProcessMemory or WriteProcessMemory request was completed. (0x12B)
[1109/003122.915:WARNING:pe_image_reader.cc(340)] could not read dos header from C:\Windows\System32\powrprof.dll
[1109/003122.915:ERROR:process_memory_win.cc(73)] ReadMemory at 0x7ffab1360000 of 64 bytes failed: Only part of a ReadProcessMemory or WriteProcessMemory request was completed. (0x12B)
[1109/003122.915:WARNING:pe_image_reader.cc(340)] could not read dos header from C:\Windows\System32\UMPDC.dll
[1109/003122.915:ERROR:process_memory_win.cc(73)] ReadMemory at 0x7ffab3e60000 of 64 bytes failed: Only part of a ReadProcessMemory or WriteProcessMemory request was completed. (0x12B)
[1109/003122.915:WARNING:pe_image_reader.cc(340)] could not read dos header from C:\Windows\System32\shlwapi.dll
[1109/003122.915:ERROR:process_memory_win.cc(73)] ReadMemory at 0x7ffab3b00000 of 64 bytes failed: Only part of a ReadProcessMemory or WriteProcessMemory request was completed. (0x12B)
[1109/003122.915:WARNING:pe_image_reader.cc(340)] could not read dos header from C:\Windows\System32\GDI32.dll
[1109/003122.915:ERROR:process_memory_win.cc(73)] ReadMemory at 0x7ffab2520000 of 64 bytes failed: Only part of a ReadProcessMemory or WriteProcessMemory request was completed. (0x12B)
[1109/003122.915:WARNING:pe_image_reader.cc(340)] could not read dos header from C:\Windows\System32\win32u.dll
[1109/003122.915:ERROR:process_memory_win.cc(73)] ReadMemory at 0x7ffab1a10000 of 64 bytes failed: Only part of a ReadProcessMemory or WriteProcessMemory request was completed. (0x12B)
[1109/003122.915:WARNING:pe_image_reader.cc(340)] could not read dos header from C:\Windows\System32\gdi32full.dll
[1109/003122.915:ERROR:process_memory_win.cc(73)] ReadMemory at 0x19d8b930000 of 64 bytes failed: Only part of a ReadProcessMemory or WriteProcessMemory request was completed. (0x12B)
[1109/003122.915:WARNING:pe_image_reader.cc(340)] could not read dos header from C:\Windows\System32\USER32.dll
[1109/003122.915:ERROR:process_memory_win.cc(73)] ReadMemory at 0x7ffab1990000 of 64 bytes failed: Only part of a ReadProcessMemory or WriteProcessMemory request was completed. (0x12B)
[1109/003122.915:WARNING:pe_image_reader.cc(340)] could not read dos header from C:\Windows\System32\cryptsp.dll
[1109/003122.915:ERROR:process_memory_win.cc(73)] ReadMemory at 0x7ffab3ec0000 of 64 bytes failed: Only part of a ReadProcessMemory or WriteProcessMemory request was completed. (0x12B)
[1109/003122.915:WARNING:pe_image_reader.cc(340)] could not read dos header from C:\Windows\System32\IMM32.DLL
[1109/003122.915:ERROR:process_memory_win.cc(73)] ReadMemory at 0x7ffab0770000 of 64 bytes failed: Only part of a ReadProcessMemory or WriteProcessMemory request was completed. (0x12B)
[1109/003122.915:WARNING:pe_image_reader.cc(340)] could not read dos header from C:\Windows\SYSTEM32\CRYPTBASE.DLL
[1109/003122.935:ERROR:process_memory_win.cc(73)] ReadMemory at 0xf7bdee000 of 73728 bytes failed: Only part of a ReadProcessMemory or WriteProcessMemory request was completed. (0x12B)
[1109/003122.935:ERROR:process_memory_win.cc(73)] ReadMemory at 0xf7c5fe000 of 8192 bytes failed: Only part of a ReadProcessMemory or WriteProcessMemory request was completed. (0x12B)
[1109/003122.935:ERROR:process_memory_win.cc(73)] ReadMemory at 0xf7d5fe000 of 8192 bytes failed: Only part of a ReadProcessMemory or WriteProcessMemory request was completed. (0x12B)
[1109/003122.935:ERROR:process_memory_win.cc(73)] ReadMemory at 0xf7ddfc000 of 16384 bytes failed: Only part of a ReadProcessMemory or WriteProcessMemory request was completed. (0x12B)
[1109/003122.935:ERROR:process_memory_win.cc(73)] ReadMemory at 0xf7edfe000 of 8192 bytes failed: Only part of a ReadProcessMemory or WriteProcessMemory request was completed. (0x12B)
[1109/003122.935:ERROR:process_memory_win.cc(73)] ReadMemory at 0xf7f5fe000 of 8192 bytes failed: Only part of a ReadProcessMemory or WriteProcessMemory request was completed. (0x12B)
[1109/003122.935:ERROR:process_memory_win.cc(73)] ReadMemory at 0xf7fdfd000 of 12288 bytes failed: Only part of a ReadProcessMemory or WriteProcessMemory request was completed. (0x12B)
[1109/003122.935:ERROR:process_memory_win.cc(73)] ReadMemory at 0xf00ffe000 of 8192 bytes failed: Only part of a ReadProcessMemory or WriteProcessMemory request was completed. (0x12B)
[1109/003122.940:ERROR:process_memory_win.cc(73)] ReadMemory at 0xf017fc000 of 16384 bytes failed: Only part of a ReadProcessMemory or WriteProcessMemory request was completed. (0x12B)
[1109/003122.940:ERROR:process_memory_win.cc(73)] ReadMemory at 0xf01ffc000 of 16384 bytes failed: Only part of a ReadProcessMemory or WriteProcessMemory request was completed. (0x12B)
[1109/003122.940:ERROR:process_memory_win.cc(73)] ReadMemory at 0xf027fe000 of 8192 bytes failed: Only part of a ReadProcessMemory or WriteProcessMemory request was completed. (0x12B)
[1109/003122.940:ERROR:process_memory_win.cc(73)] ReadMemory at 0xf02ff9000 of 28672 bytes failed: Only part of a ReadProcessMemory or WriteProcessMemory request was completed. (0x12B)
[1109/003122.940:ERROR:process_memory_win.cc(73)] ReadMemory at 0xf007fe000 of 8192 bytes failed: Only part of a ReadProcessMemory or WriteProcessMemory request was completed. (0x12B)
[1109/003122.940:ERROR:process_memory_win.cc(73)] ReadMemory at 0xf037fc000 of 16384 bytes failed: Only part of a ReadProcessMemory or WriteProcessMemory request was completed. (0x12B)
[1109/003122.940:ERROR:process_memory_win.cc(73)] ReadMemory at 0xf7b5db000 of 852 bytes failed: Only part of a ReadProcessMemory or WriteProcessMemory request was completed. (0x12B)
[1109/003122.940:ERROR:process_memory_win.cc(73)] ReadMemory at 0xf7b5dc000 of 6024 bytes failed: Only part of a ReadProcessMemory or WriteProcessMemory request was completed. (0x12B)
[1109/003122.940:ERROR:process_memory_win.cc(73)] ReadMemory at 0xf7b5de000 of 6024 bytes failed: Only part of a ReadProcessMemory or WriteProcessMemory request was completed. (0x12B)
[1109/003122.940:ERROR:process_memory_win.cc(73)] ReadMemory at 0xf7b5e2000 of 6024 bytes failed: Only part of a ReadProcessMemory or WriteProcessMemory request was completed. (0x12B)
[1109/003122.940:ERROR:process_memory_win.cc(73)] ReadMemory at 0xf7b5e4000 of 6024 bytes failed: Only part of a ReadProcessMemory or WriteProcessMemory request was completed. (0x12B)
[1109/003122.940:ERROR:process_memory_win.cc(73)] ReadMemory at 0xf7b5e8000 of 6024 bytes failed: Only part of a ReadProcessMemory or WriteProcessMemory request was completed. (0x12B)
[1109/003122.940:ERROR:process_memory_win.cc(73)] ReadMemory at 0xf7b5ea000 of 6024 bytes failed: Only part of a ReadProcessMemory or WriteProcessMemory request was completed. (0x12B)
[1109/003122.940:ERROR:process_memory_win.cc(73)] ReadMemory at 0xf7b5ec000 of 6024 bytes failed: Only part of a ReadProcessMemory or WriteProcessMemory request was completed. (0x12B)
[1109/003122.940:ERROR:process_memory_win.cc(73)] ReadMemory at 0xf7b5f0000 of 6024 bytes failed: Only part of a ReadProcessMemory or WriteProcessMemory request was completed. (0x12B)
[1109/003122.940:ERROR:process_memory_win.cc(73)] ReadMemory at 0xf7b5f2000 of 6024 bytes failed: Only part of a ReadProcessMemory or WriteProcessMemory request was completed. (0x12B)
[1109/003122.940:ERROR:process_memory_win.cc(73)] ReadMemory at 0xf7b5f4000 of 6024 bytes failed: Only part of a ReadProcessMemory or WriteProcessMemory request was completed. (0x12B)
[1109/003122.940:ERROR:process_memory_win.cc(73)] ReadMemory at 0xf7b5f6000 of 6024 bytes failed: Only part of a ReadProcessMemory or WriteProcessMemory request was completed. (0x12B)
[1109/003122.940:ERROR:process_memory_win.cc(73)] ReadMemory at 0xf7b5f8000 of 6024 bytes failed: Only part of a ReadProcessMemory or WriteProcessMemory request was completed. (0x12B)
[1109/003122.940:ERROR:process_memory_win.cc(73)] ReadMemory at 0xf7b5fc000 of 6024 bytes failed: Only part of a ReadProcessMemory or WriteProcessMemory request was completed. (0x12B)
[1109/003122.945:ERROR:process_memory_win.cc(73)] ReadMemory at 0xf7b5fe000 of 6024 bytes failed: Only part of a ReadProcessMemory or WriteProcessMemory request was completed. (0x12B)
[1109/003122.945:ERROR:process_memory_win.cc(73)] ReadMemory at 0x19d8a050000 of 384 bytes failed: Only part of a ReadProcessMemory or WriteProcessMemory request was completed. (0x12B)
[1109/003122.945:ERROR:process_memory_win.cc(73)] ReadMemory at 0x19d8a050fe0 of 4514 bytes failed: Only part of a ReadProcessMemory or WriteProcessMemory request was completed. (0x12B)
[1109/003122.945:ERROR:process_memory_win.cc(73)] ReadMemory at 0x19d8a052190 of 1012 bytes failed: Only part of a ReadProcessMemory or WriteProcessMemory request was completed. (0x12B)
[1109/003122.945:ERROR:process_memory_win.cc(73)] ReadMemory at 0x19d8a0527d8 of 106 bytes failed: Only part of a ReadProcessMemory or WriteProcessMemory request was completed. (0x12B)
[1109/003122.945:ERROR:process_memory_win.cc(73)] ReadMemory at 0x19d8a052844 of 1202 bytes failed: Only part of a ReadProcessMemory or WriteProcessMemory request was completed. (0x12B)
[1109/003122.945:ERROR:process_memory_win.cc(73)] ReadMemory at 0x19d8a052cf8 of 106 bytes failed: Only part of a ReadProcessMemory or WriteProcessMemory request was completed. (0x12B)
[1109/003122.945:ERROR:process_memory_win.cc(73)] ReadMemory at 0x19d8a052d64 of 100 bytes failed: Only part of a ReadProcessMemory or WriteProcessMemory request was completed. (0x12B)
[1109/003122.945:ERROR:process_memory_win.cc(73)] ReadMemory at 0x19d8a052de0 of 58 bytes failed: Only part of a ReadProcessMemory or WriteProcessMemory request was completed. (0x12B)
[1109/003122.945:ERROR:process_memory_win.cc(73)] ReadMemory at 0x19d8a052ee0 of 132 bytes failed: Only part of a ReadProcessMemory or WriteProcessMemory request was completed. (0x12B)
[1109/003122.945:ERROR:process_memory_win.cc(73)] ReadMemory at 0x19d8a053070 of 132 bytes failed: Only part of a ReadProcessMemory or WriteProcessMemory request was completed. (0x12B)
[1109/003122.945:ERROR:process_memory_win.cc(73)] ReadMemory at 0x19d8a053230 of 114 bytes failed: Only part of a ReadProcessMemory or WriteProcessMemory request was completed. (0x12B)
[1109/003122.945:ERROR:process_memory_win.cc(73)] ReadMemory at 0x19d8a053730 of 132 bytes failed: Only part of a ReadProcessMemory or WriteProcessMemory request was completed. (0x12B)
[1109/003122.945:ERROR:process_memory_win.cc(73)] ReadMemory at 0x19d8a0538c0 of 64 bytes failed: Only part of a ReadProcessMemory or WriteProcessMemory request was completed. (0x12B)
[1109/003122.945:ERROR:process_memory_win.cc(73)] ReadMemory at 0x19d8a053a70 of 132 bytes failed: Only part of a ReadProcessMemory or WriteProcessMemory request was completed. (0x12B)
[1109/003122.945:ERROR:process_memory_win.cc(73)] ReadMemory at 0x19d8a053d20 of 132 bytes failed: Only part of a ReadProcessMemory or WriteProcessMemory request was completed. (0x12B)
[1109/003122.945:ERROR:process_memory_win.cc(73)] ReadMemory at 0x19d8a053eb0 of 68 bytes failed: Only part of a ReadProcessMemory or WriteProcessMemory request was completed. (0x12B)
[1109/003122.945:ERROR:process_memory_win.cc(73)] ReadMemory at 0x19d8a0550b0 of 132 bytes failed: Only part of a ReadProcessMemory or WriteProcessMemory request was completed. (0x12B)
[1109/003122.945:ERROR:process_memory_win.cc(73)] ReadMemory at 0x19d8a0551e0 of 142 bytes failed: Only part of a ReadProcessMemory or WriteProcessMemory request was completed. (0x12B)
[1109/003122.945:ERROR:process_memory_win.cc(73)] ReadMemory at 0x19d8a055ea0 of 62 bytes failed: Only part of a ReadProcessMemory or WriteProcessMemory request was completed. (0x12B)
[1109/003122.945:ERROR:process_memory_win.cc(73)] ReadMemory at 0x19d8a056090 of 132 bytes failed: Only part of a ReadProcessMemory or WriteProcessMemory request was completed. (0x12B)
[1109/003122.945:ERROR:process_memory_win.cc(73)] ReadMemory at 0x19d8a0561c0 of 60 bytes failed: Only part of a ReadProcessMemory or WriteProcessMemory request was completed. (0x12B)
[1109/003122.945:ERROR:process_memory_win.cc(73)] ReadMemory at 0x19d8a061350 of 80 bytes failed: Only part of a ReadProcessMemory or WriteProcessMemory request was completed. (0x12B)
[1109/003122.945:ERROR:process_memory_win.cc(73)] ReadMemory at 0x19d8a061650 of 78 bytes failed: Only part of a ReadProcessMemory or WriteProcessMemory request was completed. (0x12B)
[1109/003122.945:ERROR:process_memory_win.cc(73)] ReadMemory at 0x19d8a063350 of 134 bytes failed: Only part of a ReadProcessMemory or WriteProcessMemory request was completed. (0x12B)
[1109/003122.945:ERROR:process_memory_win.cc(73)] ReadMemory at 0x19d8a064000 of 132 bytes failed: Only part of a ReadProcessMemory or WriteProcessMemory request was completed. (0x12B)
[1109/003122.945:ERROR:process_memory_win.cc(73)] ReadMemory at 0x19d8a0643f0 of 132 bytes failed: Only part of a ReadProcessMemory or WriteProcessMemory request was completed. (0x12B)
[1109/003122.950:ERROR:process_memory_win.cc(73)] ReadMemory at 0x19d8a064710 of 132 bytes failed: Only part of a ReadProcessMemory or WriteProcessMemory request was completed. (0x12B)
[1109/003122.950:ERROR:process_memory_win.cc(73)] ReadMemory at 0x19d8a064910 of 132 bytes failed: Only part of a ReadProcessMemory or WriteProcessMemory request was completed. (0x12B)
[1109/003122.950:ERROR:process_memory_win.cc(73)] ReadMemory at 0x19d8a064d60 of 132 bytes failed: Only part of a ReadProcessMemory or WriteProcessMemory request was completed. (0x12B)
[1109/003122.950:ERROR:process_memory_win.cc(73)] ReadMemory at 0x19d8a0656e0 of 512 bytes failed: Only part of a ReadProcessMemory or WriteProcessMemory request was completed. (0x12B)
[1109/003122.950:ERROR:process_memory_win.cc(73)] ReadMemory at 0x19d8a066130 of 54 bytes failed: Only part of a ReadProcessMemory or WriteProcessMemory request was completed. (0x12B)
[1109/003122.950:ERROR:process_memory_win.cc(73)] ReadMemory at 0x19d8a0682a0 of 132 bytes failed: Only part of a ReadProcessMemory or WriteProcessMemory request was completed. (0x12B)
[1109/003122.950:ERROR:process_memory_win.cc(73)] ReadMemory at 0x19d8a068ac0 of 132 bytes failed: Only part of a ReadProcessMemory or WriteProcessMemory request was completed. (0x12B)
[1109/003122.950:ERROR:process_memory_win.cc(73)] ReadMemory at 0x19d8a068fe0 of 64 bytes failed: Only part of a ReadProcessMemory or WriteProcessMemory request was completed. (0x12B)
[1109/003122.950:ERROR:process_memory_win.cc(73)] ReadMemory at 0x19d8a0690d0 of 62 bytes failed: Only part of a ReadProcessMemory or WriteProcessMemory request was completed. (0x12B)
[1109/003122.950:ERROR:process_memory_win.cc(73)] ReadMemory at 0x19d8a069170 of 62 bytes failed: Only part of a ReadProcessMemory or WriteProcessMemory request was completed. (0x12B)
[1109/003122.950:ERROR:process_memory_win.cc(73)] ReadMemory at 0x19d8a0691c0 of 62 bytes failed: Only part of a ReadProcessMemory or WriteProcessMemory request was completed. (0x12B)
[1109/003122.950:ERROR:process_memory_win.cc(73)] ReadMemory at 0x19d8a069260 of 60 bytes failed: Only part of a ReadProcessMemory or WriteProcessMemory request was completed. (0x12B)
[1109/003122.950:ERROR:process_memory_win.cc(73)] ReadMemory at 0x19d8a069350 of 60 bytes failed: Only part of a ReadProcessMemory or WriteProcessMemory request was completed. (0x12B)
[1109/003122.950:ERROR:process_memory_win.cc(73)] ReadMemory at 0x19d8a0693a0 of 62 bytes failed: Only part of a ReadProcessMemory or WriteProcessMemory request was completed. (0x12B)
[1109/003122.950:ERROR:process_memory_win.cc(73)] ReadMemory at 0x19d8a069440 of 62 bytes failed: Only part of a ReadProcessMemory or WriteProcessMemory request was completed. (0x12B)
[1109/003122.950:ERROR:process_memory_win.cc(73)] ReadMemory at 0x19d8a069490 of 62 bytes failed: Only part of a ReadProcessMemory or WriteProcessMemory request was completed. (0x12B)
[1109/003122.950:ERROR:process_memory_win.cc(73)] ReadMemory at 0x19d8a0694e0 of 62 bytes failed: Only part of a ReadProcessMemory or WriteProcessMemory request was completed. (0x12B)
[1109/003122.950:ERROR:process_memory_win.cc(73)] ReadMemory at 0x19d8a069530 of 64 bytes failed: Only part of a ReadProcessMemory or WriteProcessMemory request was completed. (0x12B)
[1109/003122.950:ERROR:process_memory_win.cc(73)] ReadMemory at 0x19d8a069580 of 64 bytes failed: Only part of a ReadProcessMemory or WriteProcessMemory request was completed. (0x12B)
[1109/003122.950:ERROR:process_memory_win.cc(73)] ReadMemory at 0x19d8a0696c0 of 60 bytes failed: Only part of a ReadProcessMemory or WriteProcessMemory request was completed. (0x12B)
[1109/003122.950:ERROR:process_memory_win.cc(73)] ReadMemory at 0x19d8a069800 of 64 bytes failed: Only part of a ReadProcessMemory or WriteProcessMemory request was completed. (0x12B)
[1109/003122.950:ERROR:process_memory_win.cc(73)] ReadMemory at 0x19d8a0698f0 of 64 bytes failed: Only part of a ReadProcessMemory or WriteProcessMemory request was completed. (0x12B)
[1109/003122.950:ERROR:process_memory_win.cc(73)] ReadMemory at 0x19d8a069940 of 62 bytes failed: Only part of a ReadProcessMemory or WriteProcessMemory request was completed. (0x12B)
[1109/003122.950:ERROR:process_memory_win.cc(73)] ReadMemory at 0x19d8a069990 of 62 bytes failed: Only part of a ReadProcessMemory or WriteProcessMemory request was completed. (0x12B)
[1109/003122.950:ERROR:process_memory_win.cc(73)] ReadMemory at 0x19d8a069a80 of 60 bytes failed: Only part of a ReadProcessMemory or WriteProcessMemory request was completed. (0x12B)
[1109/003122.950:ERROR:process_memory_win.cc(73)] ReadMemory at 0x19d8a069b20 of 66 bytes failed: Only part of a ReadProcessMemory or WriteProcessMemory request was completed. (0x12B)
[1109/003122.950:ERROR:process_memory_win.cc(73)] ReadMemory at 0x19d8a069b70 of 60 bytes failed: Only part of a ReadProcessMemory or WriteProcessMemory request was completed. (0x12B)
[1109/003122.950:ERROR:process_memory_win.cc(73)] ReadMemory at 0x19d8a069bc0 of 66 bytes failed: Only part of a ReadProcessMemory or WriteProcessMemory request was completed. (0x12B)
[1109/003122.950:ERROR:process_memory_win.cc(73)] ReadMemory at 0x19d8a069c60 of 62 bytes failed: Only part of a ReadProcessMemory or WriteProcessMemory request was completed. (0x12B)
[1109/003122.955:ERROR:process_memory_win.cc(73)] ReadMemory at 0x19d8a069cb0 of 64 bytes failed: Only part of a ReadProcessMemory or WriteProcessMemory request was completed. (0x12B)
[1109/003122.955:ERROR:process_memory_win.cc(73)] ReadMemory at 0x19d8a069df0 of 58 bytes failed: Only part of a ReadProcessMemory or WriteProcessMemory request was completed. (0x12B)
[1109/003122.955:ERROR:process_memory_win.cc(73)] ReadMemory at 0x19d8a069e40 of 64 bytes failed: Only part of a ReadProcessMemory or WriteProcessMemory request was completed. (0x12B)
[1109/003122.955:ERROR:process_memory_win.cc(73)] ReadMemory at 0x19d8a069e90 of 64 bytes failed: Only part of a ReadProcessMemory or WriteProcessMemory request was completed. (0x12B)
[1109/003122.955:ERROR:process_memory_win.cc(73)] ReadMemory at 0x19d8a069f30 of 60 bytes failed: Only part of a ReadProcessMemory or WriteProcessMemory request was completed. (0x12B)
[1109/003122.955:ERROR:process_memory_win.cc(73)] ReadMemory at 0x19d8a06da30 of 132 bytes failed: Only part of a ReadProcessMemory or WriteProcessMemory request was completed. (0x12B)
[1109/003122.955:ERROR:process_memory_win.cc(73)] ReadMemory at 0x19d8a070290 of 132 bytes failed: Only part of a ReadProcessMemory or WriteProcessMemory request was completed. (0x12B)
[1109/003122.955:ERROR:process_memory_win.cc(73)] ReadMemory at 0x19d8a0705f0 of 132 bytes failed: Only part of a ReadProcessMemory or WriteProcessMemory request was completed. (0x12B)
[1109/003122.955:ERROR:process_memory_win.cc(73)] ReadMemory at 0x19d8a070980 of 132 bytes failed: Only part of a ReadProcessMemory or WriteProcessMemory request was completed. (0x12B)
[1109/003122.955:ERROR:process_memory_win.cc(73)] ReadMemory at 0x19d8a070ab0 of 132 bytes failed: Only part of a ReadProcessMemory or WriteProcessMemory request was completed. (0x12B)
[1109/003122.955:ERROR:process_memory_win.cc(73)] ReadMemory at 0x19d8a070be0 of 132 bytes failed: Only part of a ReadProcessMemory or WriteProcessMemory request was completed. (0x12B)
[1109/003122.955:ERROR:process_memory_win.cc(73)] ReadMemory at 0x19d8a070d10 of 132 bytes failed: Only part of a ReadProcessMemory or WriteProcessMemory request was completed. (0x12B)
[1109/003122.955:ERROR:process_memory_win.cc(73)] ReadMemory at 0x19d8a070e40 of 132 bytes failed: Only part of a ReadProcessMemory or WriteProcessMemory request was completed. (0x12B)
[1109/003122.955:ERROR:process_memory_win.cc(73)] ReadMemory at 0x19d8a070f70 of 132 bytes failed: Only part of a ReadProcessMemory or WriteProcessMemory request was completed. (0x12B)
[1109/003122.955:ERROR:process_memory_win.cc(73)] ReadMemory at 0x19d8a0710a0 of 132 bytes failed: Only part of a ReadProcessMemory or WriteProcessMemory request was completed. (0x12B)
[1109/003122.955:ERROR:process_memory_win.cc(73)] ReadMemory at 0x19d8a0711d0 of 132 bytes failed: Only part of a ReadProcessMemory or WriteProcessMemory request was completed. (0x12B)
[1109/003122.955:ERROR:process_memory_win.cc(73)] ReadMemory at 0x19d8a071300 of 132 bytes failed: Only part of a ReadProcessMemory or WriteProcessMemory request was completed. (0x12B)
[1109/003122.955:ERROR:process_memory_win.cc(73)] ReadMemory at 0x19d8a071430 of 132 bytes failed: Only part of a ReadProcessMemory or WriteProcessMemory request was completed. (0x12B)
[1109/003122.955:ERROR:process_memory_win.cc(73)] ReadMemory at 0x19d8a071560 of 132 bytes failed: Only part of a ReadProcessMemory or WriteProcessMemory request was completed. (0x12B)
[1109/003122.955:ERROR:process_memory_win.cc(73)] ReadMemory at 0x19d8a071690 of 132 bytes failed: Only part of a ReadProcessMemory or WriteProcessMemory request was completed. (0x12B)
[1109/003122.955:ERROR:process_memory_win.cc(73)] ReadMemory at 0x19d8a073230 of 132 bytes failed: Only part of a ReadProcessMemory or WriteProcessMemory request was completed. (0x12B)
[1109/003122.955:ERROR:process_memory_win.cc(73)] ReadMemory at 0x19d8a073360 of 132 bytes failed: Only part of a ReadProcessMemory or WriteProcessMemory request was completed. (0x12B)
[1109/003122.955:ERROR:process_memory_win.cc(73)] ReadMemory at 0x19d8a073490 of 132 bytes failed: Only part of a ReadProcessMemory or WriteProcessMemory request was completed. (0x12B)
[1109/003122.955:ERROR:process_memory_win.cc(73)] ReadMemory at 0x19d8a0735c0 of 132 bytes failed: Only part of a ReadProcessMemory or WriteProcessMemory request was completed. (0x12B)
[1109/003122.955:ERROR:process_memory_win.cc(73)] ReadMemory at 0x19d8a0736f0 of 132 bytes failed: Only part of a ReadProcessMemory or WriteProcessMemory request was completed. (0x12B)
[1109/003122.955:ERROR:process_memory_win.cc(73)] ReadMemory at 0x19d8a073820 of 132 bytes failed: Only part of a ReadProcessMemory or WriteProcessMemory request was completed. (0x12B)
[1109/003122.955:ERROR:process_memory_win.cc(73)] ReadMemory at 0x19d8a073950 of 132 bytes failed: Only part of a ReadProcessMemory or WriteProcessMemory request was completed. (0x12B)
[1109/003122.960:ERROR:process_memory_win.cc(73)] ReadMemory at 0x19d8a073a80 of 132 bytes failed: Only part of a ReadProcessMemory or WriteProcessMemory request was completed. (0x12B)
[1109/003122.960:ERROR:process_memory_win.cc(73)] ReadMemory at 0x19d8a073bb0 of 132 bytes failed: Only part of a ReadProcessMemory or WriteProcessMemory request was completed. (0x12B)
[1109/003122.960:ERROR:process_memory_win.cc(73)] ReadMemory at 0x19d8a073ce0 of 132 bytes failed: Only part of a ReadProcessMemory or WriteProcessMemory request was completed. (0x12B)
[1109/003122.960:ERROR:process_memory_win.cc(73)] ReadMemory at 0x19d8a073e10 of 132 bytes failed: Only part of a ReadProcessMemory or WriteProcessMemory request was completed. (0x12B)
[1109/003122.960:ERROR:process_memory_win.cc(73)] ReadMemory at 0x19d8a074400 of 132 bytes failed: Only part of a ReadProcessMemory or WriteProcessMemory request was completed. (0x12B)
[1109/003122.960:ERROR:process_memory_win.cc(73)] ReadMemory at 0x19d8a074530 of 132 bytes failed: Only part of a ReadProcessMemory or WriteProcessMemory request was completed. (0x12B)
[1109/003122.960:ERROR:process_memory_win.cc(73)] ReadMemory at 0x19d8a074660 of 132 bytes failed: Only part of a ReadProcessMemory or WriteProcessMemory request was completed. (0x12B)
[1109/003122.960:ERROR:process_memory_win.cc(73)] ReadMemory at 0x19d8a074790 of 132 bytes failed: Only part of a ReadProcessMemory or WriteProcessMemory request was completed. (0x12B)
[1109/003122.960:ERROR:process_memory_win.cc(73)] ReadMemory at 0x19d8a0748c0 of 132 bytes failed: Only part of a ReadProcessMemory or WriteProcessMemory request was completed. (0x12B)
[1109/003122.960:ERROR:process_memory_win.cc(73)] ReadMemory at 0x19d8a0749f0 of 132 bytes failed: Only part of a ReadProcessMemory or WriteProcessMemory request was completed. (0x12B)
[1109/003122.960:ERROR:process_memory_win.cc(73)] ReadMemory at 0x19d8a074b20 of 132 bytes failed: Only part of a ReadProcessMemory or WriteProcessMemory request was completed. (0x12B)
[1109/003122.960:ERROR:process_memory_win.cc(73)] ReadMemory at 0x19d8a074c50 of 132 bytes failed: Only part of a ReadProcessMemory or WriteProcessMemory request was completed. (0x12B)
[1109/003122.960:ERROR:process_memory_win.cc(73)] ReadMemory at 0x19d8a074eb0 of 132 bytes failed: Only part of a ReadProcessMemory or WriteProcessMemory request was completed. (0x12B)
[1109/003122.960:ERROR:process_memory_win.cc(73)] ReadMemory at 0x19d8a074fe0 of 132 bytes failed: Only part of a ReadProcessMemory or WriteProcessMemory request was completed. (0x12B)
[1109/003122.960:ERROR:process_memory_win.cc(73)] ReadMemory at 0x19d8a075fa0 of 76 bytes failed: Only part of a ReadProcessMemory or WriteProcessMemory request was completed. (0x12B)
[1109/003122.960:ERROR:process_memory_win.cc(73)] ReadMemory at 0x19d8a076900 of 80 bytes failed: Only part of a ReadProcessMemory or WriteProcessMemory request was completed. (0x12B)
[1109/003122.960:ERROR:process_memory_win.cc(73)] ReadMemory at 0x19d8a096300 of 62 bytes failed: Only part of a ReadProcessMemory or WriteProcessMemory request was completed. (0x12B)
[1109/003122.960:ERROR:process_memory_win.cc(73)] ReadMemory at 0x19d8a0963a0 of 60 bytes failed: Only part of a ReadProcessMemory or WriteProcessMemory request was completed. (0x12B)
[1109/003122.965:ERROR:process_memory_win.cc(73)] ReadMemory at 0x19d8a096580 of 58 bytes failed: Only part of a ReadProcessMemory or WriteProcessMemory request was completed. (0x12B)
[1109/003122.965:ERROR:process_memory_win.cc(73)] ReadMemory at 0x19d8a0966c0 of 62 bytes failed: Only part of a ReadProcessMemory or WriteProcessMemory request was completed. (0x12B)
[1109/003122.965:ERROR:process_memory_win.cc(73)] ReadMemory at 0x19d8a096800 of 58 bytes failed: Only part of a ReadProcessMemory or WriteProcessMemory request was completed. (0x12B)
[1109/003122.965:ERROR:process_memory_win.cc(73)] ReadMemory at 0x19d8a096850 of 58 bytes failed: Only part of a ReadProcessMemory or WriteProcessMemory request was completed. (0x12B)
[1109/003122.965:ERROR:process_memory_win.cc(73)] ReadMemory at 0x19d8a096a30 of 64 bytes failed: Only part of a ReadProcessMemory or WriteProcessMemory request was completed. (0x12B)
[1109/003122.965:ERROR:process_memory_win.cc(73)] ReadMemory at 0x19d8a096a80 of 66 bytes failed: Only part of a ReadProcessMemory or WriteProcessMemory request was completed. (0x12B)
[1109/003122.965:ERROR:process_memory_win.cc(73)] ReadMemory at 0x19d8a096b20 of 62 bytes failed: Only part of a ReadProcessMemory or WriteProcessMemory request was completed. (0x12B)
[1109/003122.965:ERROR:process_memory_win.cc(73)] ReadMemory at 0x19d8a096d00 of 60 bytes failed: Only part of a ReadProcessMemory or WriteProcessMemory request was completed. (0x12B)
[1109/003122.965:ERROR:process_memory_win.cc(73)] ReadMemory at 0x19d8a0c24a0 of 560 bytes failed: Only part of a ReadProcessMemory or WriteProcessMemory request was completed. (0x12B)
[1109/003122.965:ERROR:process_memory_win.cc(73)] ReadMemory at 0x19d8a0cf980 of 512 bytes failed: Only part of a ReadProcessMemory or WriteProcessMemory request was completed. (0x12B)
[1109/003122.965:ERROR:process_memory_win.cc(73)] ReadMemory at 0x19d8a0d1640 of 512 bytes failed: Only part of a ReadProcessMemory or WriteProcessMemory request was completed. (0x12B)
[1109/003122.972:ERROR:process_memory_win.cc(73)] ReadMemory at 0x19d8a0e9030 of 512 bytes failed: Only part of a ReadProcessMemory or WriteProcessMemory request was completed. (0x12B)
[1109/003122.972:ERROR:process_memory_win.cc(73)] ReadMemory at 0x19d8a0e9a70 of 712 bytes failed: Only part of a ReadProcessMemory or WriteProcessMemory request was completed. (0x12B)
[1109/003122.973:ERROR:process_memory_win.cc(73)] ReadMemory at 0x19d8a0eb6f0 of 512 bytes failed: Only part of a ReadProcessMemory or WriteProcessMemory request was completed. (0x12B)
[1109/003122.973:ERROR:process_memory_win.cc(73)] ReadMemory at 0x19d8a103ac0 of 512 bytes failed: Only part of a ReadProcessMemory or WriteProcessMemory request was completed. (0x12B)
[1109/003122.973:ERROR:process_memory_win.cc(73)] ReadMemory at 0x19d8a10cc48 of 512 bytes failed: Only part of a ReadProcessMemory or WriteProcessMemory request was completed. (0x12B)
[1109/003122.973:ERROR:process_memory_win.cc(73)] ReadMemory at 0x19d8a12a160 of 512 bytes failed: Only part of a ReadProcessMemory or WriteProcessMemory request was completed. (0x12B)
[1109/003122.973:ERROR:process_memory_win.cc(73)] ReadMemory at 0x19d8a221540 of 512 bytes failed: Only part of a ReadProcessMemory or WriteProcessMemory request was completed. (0x12B)
[1109/003122.974:ERROR:process_memory_win.cc(73)] ReadMemory at 0x19d8bde0000 of 384 bytes failed: Only part of a ReadProcessMemory or WriteProcessMemory request was completed. (0x12B)
[1109/003122.974:ERROR:process_memory_win.cc(73)] ReadMemory at 0x19d8be03d20 of 512 bytes failed: Only part of a ReadProcessMemory or WriteProcessMemory request was completed. (0x12B)
[1109/003122.974:ERROR:process_memory_win.cc(73)] ReadMemory at 0x19d8be98db8 of 512 bytes failed: Only part of a ReadProcessMemory or WriteProcessMemory request was completed. (0x12B)
[1109/003122.974:ERROR:process_memory_win.cc(73)] ReadMemory at 0x19d8beaf746 of 716 bytes failed: Only part of a ReadProcessMemory or WriteProcessMemory request was completed. (0x12B)
[1109/003122.974:ERROR:process_memory_win.cc(73)] ReadMemory at 0x19d8beb0cc0 of 512 bytes failed: Only part of a ReadProcessMemory or WriteProcessMemory request was completed. (0x12B)
[1109/003122.975:ERROR:process_memory_win.cc(73)] ReadMemory at 0x19d8bf9ff81 of 512 bytes failed: Only part of a ReadProcessMemory or WriteProcessMemory request was completed. (0x12B)
[1109/003122.975:ERROR:process_memory_win.cc(73)] ReadMemory at 0x19d8bfda460 of 512 bytes failed: Only part of a ReadProcessMemory or WriteProcessMemory request was completed. (0x12B)
[1109/003122.975:ERROR:process_memory_win.cc(73)] ReadMemory at 0x19d8c001060 of 512 bytes failed: Only part of a ReadProcessMemory or WriteProcessMemory request was completed. (0x12B)
[1109/003122.975:ERROR:process_memory_win.cc(73)] ReadMemory at 0x19d8cff5500 of 512 bytes failed: Only part of a ReadProcessMemory or WriteProcessMemory request was completed. (0x12B)
[1109/003122.975:ERROR:process_memory_win.cc(73)] ReadMemory at 0x19d8d07ea40 of 512 bytes failed: Only part of a ReadProcessMemory or WriteProcessMemory request was completed. (0x12B)
[1109/003122.976:ERROR:process_memory_win.cc(73)] ReadMemory at 0x19d8d080640 of 512 bytes failed: Only part of a ReadProcessMemory or WriteProcessMemory request was completed. (0x12B)
[1109/003122.976:ERROR:process_memory_win.cc(73)] ReadMemory at 0x19d8e309af8 of 512 bytes failed: Only part of a ReadProcessMemory or WriteProcessMemory request was completed. (0x12B)
[1109/003122.976:ERROR:process_memory_win.cc(73)] ReadMemory at 0x177aaa894cc8 of 512 bytes failed: Only part of a ReadProcessMemory or WriteProcessMemory request was completed. (0x12B)
[1109/003122.976:ERROR:process_memory_win.cc(73)] ReadMemory at 0x6f1a0898a0f8 of 512 bytes failed: Only part of a ReadProcessMemory or WriteProcessMemory request was completed. (0x12B)
[1109/003122.976:ERROR:process_memory_win.cc(73)] ReadMemory at 0x76b0236d1b90 of 512 bytes failed: Only part of a ReadProcessMemory or WriteProcessMemory request was completed. (0x12B)
[1109/003122.976:ERROR:process_memory_win.cc(73)] ReadMemory at 0x7ffa5e0567b5 of 512 bytes failed: Only part of a ReadProcessMemory or WriteProcessMemory request was completed. (0x12B)
[1109/003122.977:ERROR:process_memory_win.cc(73)] ReadMemory at 0x7ffa61ceedf0 of 512 bytes failed: Only part of a ReadProcessMemory or WriteProcessMemory request was completed. (0x12B)
[1109/003122.977:ERROR:process_memory_win.cc(73)] ReadMemory at 0x7ffa61e27d00 of 512 bytes failed: Only part of a ReadProcessMemory or WriteProcessMemory request was completed. (0x12B)
[1109/003122.977:ERROR:process_memory_win.cc(73)] ReadMemory at 0x7ffa65740128 of 512 bytes failed: Only part of a ReadProcessMemory or WriteProcessMemory request was completed. (0x12B)
[1109/003122.978:ERROR:process_memory_win.cc(73)] ReadMemory at 0x7ffa65f2be60 of 512 bytes failed: Only part of a ReadProcessMemory or WriteProcessMemory request was completed. (0x12B)
[1109/003122.978:ERROR:process_memory_win.cc(73)] ReadMemory at 0x7ffa665fca81 of 512 bytes failed: Only part of a ReadProcessMemory or WriteProcessMemory request was completed. (0x12B)
[1109/003122.978:ERROR:process_memory_win.cc(73)] ReadMemory at 0x7ffab1723aa9 of 512 bytes failed: Only part of a ReadProcessMemory or WriteProcessMemory request was completed. (0x12B)
[1109/003122.978:ERROR:process_memory_win.cc(73)] ReadMemory at 0x7ffab194d700 of 512 bytes failed: Only part of a ReadProcessMemory or WriteProcessMemory request was completed. (0x12B)
[1109/003122.978:ERROR:process_memory_win.cc(73)] ReadMemory at 0x7ffab2fc1fd0 of 512 bytes failed: Only part of a ReadProcessMemory or WriteProcessMemory request was completed. (0x12B)
[1109/003122.979:ERROR:process_memory_win.cc(73)] ReadMemory at 0x7ffab453c0c4 of 672 bytes failed: Only part of a ReadProcessMemory or WriteProcessMemory request was completed. (0x12B)
[1109/003122.979:ERROR:process_memory_win.cc(73)] ReadMemory at 0x7ffab453c6c4 of 512 bytes failed: Only part of a ReadProcessMemory or WriteProcessMemory request was completed. (0x12B)
[1109/003122.980:ERROR:process_memory_win.cc(73)] ReadMemory at 0x7ffab453f974 of 608 bytes failed: Only part of a ReadProcessMemory or WriteProcessMemory request was completed. (0x12B)
[1109/003122.980:ERROR:process_memory_win.cc(73)] ReadMemory at 0x7ffab45cc428 of 18 bytes failed: Only part of a ReadProcessMemory or WriteProcessMemory request was completed. (0x12B)
[1109/003122.980:ERROR:process_memory_win.cc(73)] ReadMemory at 0x7ffab45ff4f8 of 40 bytes failed: Only part of a ReadProcessMemory or WriteProcessMemory request was completed. (0x12B)
[1109/003122.980:ERROR:process_memory_win.cc(73)] ReadMemory at 0x7ffab45ff978 of 48 bytes failed: Only part of a ReadProcessMemory or WriteProcessMemory request was completed. (0x12B)
[1109/003122.980:ERROR:process_memory_win.cc(73)] ReadMemory at 0x7ffab46053c0 of 64 bytes failed: Only part of a ReadProcessMemory or WriteProcessMemory request was completed. (0x12B)
[1109/003122.984:ERROR:filesystem_win.cc(129)] GetFileAttributes C:\Users\Dell\AppData\Local\Temp\scoped_dir5384_1539307299\Crashpad\attachments\2ce7490c-d14e-40ef-ad13-d45db22bd42f: The system cannot find the path specified. (0x3)
[1109/003122.984:ERROR:scoped_process_suspend.cc(40)] NtResumeProcess: An attempt was made to access an exiting process. (0xc000010a)
[1109/143738.525:ERROR:directory_reader_win.cc(43)] FindFirstFile: The system cannot find the path specified. (0x3)
[1109/144010.914:ERROR:directory_reader_win.cc(43)] FindFirstFile: The system cannot find the path specified. (0x3)
[1109/144043.774:ERROR:directory_reader_win.cc(43)] FindFirstFile: The system cannot find the path specified. (0x3)
[1109/144112.383:ERROR:directory_reader_win.cc(43)] FindFirstFile: The system cannot find the path specified. (0x3)
[1109/145919.541:ERROR:directory_reader_win.cc(43)] FindFirstFile: The system cannot find the path specified. (0x3)
[1109/161851.107:ERROR:directory_reader_win.cc(43)] FindFirstFile: The system cannot find the path specified. (0x3)
[1109/170055.907:ERROR:directory_reader_win.cc(43)] FindFirstFile: The system cannot find the path specified. (0x3)
[1109/170139.784:ERROR:directory_reader_win.cc(43)] FindFirstFile: The system cannot find the path specified. (0x3)
[1109/170706.287:ERROR:directory_reader_win.cc(43)] FindFirstFile: The system cannot find the path specified. (0x3)
[1109/172136.904:ERROR:directory_reader_win.cc(43)] FindFirstFile: The system cannot find the path specified. (0x3)
[1109/175010.724:ERROR:directory_reader_win.cc(43)] FindFirstFile: The system cannot find the path specified. (0x3)
[1109/184646.197:ERROR:directory_reader_win.cc(43)] FindFirstFile: The system cannot find the path specified. (0x3)
[1109/185445.660:ERROR:directory_reader_win.cc(43)] FindFirstFile: The system cannot find the path specified. (0x3)
[1109/185719.163:ERROR:directory_reader_win.cc(43)] FindFirstFile: The system cannot find the path specified. (0x3)
[1109/185744.973:ERROR:process_reader_win.cc(151)] SuspendThread: Access is denied. (0x5)
[1109/185744.973:ERROR:exception_snapshot_win.cc(99)] thread ID 4612 not found in process
[1109/185744.973:ERROR:scoped_process_suspend.cc(40)] NtResumeProcess: An attempt was made to access an exiting process. (0xc000010a)
[1114/190506.524:ERROR:directory_reader_win.cc(43)] FindFirstFile: The system cannot find the path specified. (0x3)
[1114/191139.619:ERROR:directory_reader_win.cc(43)] FindFirstFile: The system cannot find the path specified. (0x3)
[1114/191218.782:ERROR:directory_reader_win.cc(43)] FindFirstFile: The system cannot find the path specified. (0x3)
[1114/191307.452:ERROR:directory_reader_win.cc(43)] FindFirstFile: The system cannot find the path specified. (0x3)
[1114/193016.022:ERROR:directory_reader_win.cc(43)] FindFirstFile: The system cannot find the path specified. (0x3)
[1116/152057.273:ERROR:directory_reader_win.cc(43)] FindFirstFile: The system cannot find the path specified. (0x3)
[1116/183915.670:ERROR:directory_reader_win.cc(43)] FindFirstFile: The system cannot find the path specified. (0x3)
[1116/185959.007:ERROR:directory_reader_win.cc(43)] FindFirstFile: The system cannot find the path specified. (0x3)
[1116/190029.543:ERROR:directory_reader_win.cc(43)] FindFirstFile: The system cannot find the path specified. (0x3)
[1122/191606.469:ERROR:directory_reader_win.cc(43)] FindFirstFile: The system cannot find the path specified. (0x3)
[1122/214629.003:ERROR:directory_reader_win.cc(43)] FindFirstFile: The system cannot find the path specified. (0x3)
[1122/214636.374:ERROR:directory_reader_win.cc(43)] FindFirstFile: The system cannot find the path specified. (0x3)
[1123/114127.436:ERROR:directory_reader_win.cc(43)] FindFirstFile: The system cannot find the path specified. (0x3)
[1123/114151.222:ERROR:directory_reader_win.cc(43)] FindFirstFile: The system cannot find the path specified. (0x3)
[1123/152025.122:ERROR:directory_reader_win.cc(43)] FindFirstFile: The system cannot find the path specified. (0x3)
[1123/152025.125:ERROR:directory_reader_win.cc(43)] FindFirstFile: The system cannot find the path specified. (0x3)
[1126/212250.274:ERROR:directory_reader_win.cc(43)] FindFirstFile: The system cannot find the path specified. (0x3)
[1126/220713.480:ERROR:directory_reader_win.cc(43)] FindFirstFile: The system cannot find the path specified. (0x3)
[1126/220943.749:ERROR:directory_reader_win.cc(43)] FindFirstFile: The system cannot find the path specified. (0x3)
[1126/221252.490:ERROR:directory_reader_win.cc(43)] FindFirstFile: The system cannot find the path specified. (0x3)
